
ROM used: 974 (12%)
          2048 (25%) including unused fragments

          3 Average locations per line
          54 Average locations per statement

RAM used: 17 (10%) at main() level
          42 (24%) worst case

Lines Stmts  %   Files
----- ----- ---  -----
   44    18 100  C:\Documents and Settings\micros\Escritorio\Practica 9\Ejercicio2.c
  259     0   0  C:\Archivos de programa\PICC\devices\16f877.h
----- -----
  606    36 Total

Page ROM  %  RAM  Functions:
---- --- --- ---  ----------
3      1   0   0  loader16F877
0    140  14   8  clock_isr
0     46   5   0  @const10025
0     32   3   2  @ITOF
0    121  12  13  @MULFF
0     90   9   8  @PRINTF_LU_9600_62_63
0     35   4   2  @PRINTF_X_9600_62_63
0    387  40  18  @PRINTF_F_9600_62_63
0     71   7   0  main

 Segment   Used  Free
---------  ----  ----
00000-00003     4  0
00004-00032    47  0
00033-007FF   922  1075
00800-00FFF     0  2048
01000-017FF     0  2048
01800-01EFF     0  1792
01F00-01FFF     1  255

