
ROM used: 1033 (13%)
          2048 (25%) including unused fragments

          3 Average locations per line
          54 Average locations per statement

RAM used: 25 (14%) at main() level
          43 (25%) worst case

Lines Stmts  %   Files
----- ----- ---  -----
   42    19 100  C:\Documents and Settings\micros\Escritorio\Practica 9\Ejercicio 3.c
  259     0   0  C:\Archivos de programa\PICC\devices\16f877.h
----- -----
  602    38 Total

Page ROM  %  RAM  Functions:
---- --- --- ---  ----------
0     21   2   1  @delay_ms1
3      1   0   0  loader16F877
0     30   3   1  clock_isr
0     28   3   0  @const10025
0    191  18   8  main
0     46   4   0  @const10043
0     32   3   2  @ITOF
0    121  12  13  @MULFF
0     90   9   8  @PRINTF_LU_9600_62_63
0     35   3   2  @PRINTF_X_9600_62_63
0    387  37  18  @PRINTF_F_9600_62_63

 Segment   Used  Free
---------  ----  ----
00000-00003     4  0
00004-00032    47  0
00033-007FF   981  1016
00800-00FFF     0  2048
01000-017FF     0  2048
01800-01EFF     0  1792
01F00-01FFF     1  255

