MPASM  5.35beta                   EJERCICIO 2.ASM   10-28-2017  18:38:00         PAGE  1


LOC  OBJECT CODE     LINE SOURCE TEXT
  VALUE

                      00001         processor 16f877
                      00002         include <p16f877.inc>
                      00001         LIST
                      00002 ; P16F877.INC  Standard Header File, Version 1.00    Microchip Technology, Inc.
Message[301]: MESSAGE: (Processor-header file mismatch.  Verify selected processor.)
                      00373         LIST
                      00003 
0000                  00004         org 0
0000   2805           00005         goto INICIO
0005                  00006         org 5
                      00007 
0005                  00008 INICIO:
0005   0185           00009         clrf    PORTA           
0006   1683           00010         bsf     STATUS,RP0      ; CAMBIAMOS AL BANCO 1
0007   1303           00011         bcf     STATUS,RP1
0008   0186           00012         clrf    PORTB
                      00013 
0009   3006           00014         movlw   06h
Message[302]: Register in operand not in bank 0.  Ensure that bank bits are correct.
000A   009F           00015         movwf   ADCON1          ; PUERTO A CONFIGURADO COMO ENTRADA
000B   303F           00016         movlw   3fh             
Message[302]: Register in operand not in bank 0.  Ensure that bank bits are correct.
000C   0085           00017         movwf   TRISA
000D   1283           00018         bcf     STATUS,RP0      ; CAMBIAMOS AL BANCO 0
                      00019 
000E                  00020 select
000E   1D05           00021         btfss   PORTA,2
000F   2811           00022         goto    select1         ;0(0xx)
0010   2817           00023         goto    select3         ;1(1xx)
                      00024 
0011                  00025 select1
0011   1C85           00026         btfss   PORTA,1
0012   2814           00027         goto    select2         ;0(xx0)
0013   2820           00028         goto    select6         ;1(xx0)
                      00029 
0014                  00030 select2 
0014   1C05           00031         btfss   PORTA,0
0015   2823           00032         goto    CERO            ;0(xx0)
0016   2826           00033         goto    UNO                     ;1(xx0)
                      00034 
0017                  00035 select3 
0017   1C85           00036         btfss   PORTA,1
0018   281A           00037         goto    select4         ;0(xx0)
0019   281D           00038         goto    select5         ;1(xx0)
                      00039 
001A                  00040 select4 
001A   1C05           00041         btfss   PORTA,0
001B   282F           00042         goto    CUATRO          ;0(xx0)
001C   2832           00043         goto    CINCO           ;1(xx0)
                      00044 
001D                  00045 select5 
001D   1C05           00046         btfss   PORTA,0
001E   2835           00047         goto    SEIS            ;0(xx0)
MPASM  5.35beta                   EJERCICIO 2.ASM   10-28-2017  18:38:00         PAGE  2


LOC  OBJECT CODE     LINE SOURCE TEXT
  VALUE

001F   2838           00048         goto    SIETE           ;1(xx0)
                      00049 
0020                  00050 select6 
0020   1C05           00051         btfss   PORTA,0
0021   2829           00052         goto    DOS                     ;0(xx0)
0022   282C           00053         goto    TRES            ;1(xx0)
                      00054 
0023                  00055 CERO:
0023   3000           00056         movlw   H'00'
0024   0086           00057         movwf   PORTB
0025   280E           00058         goto    select
                      00059 
0026                  00060 UNO:
0026   3001           00061         movlw   B'00000001'
0027   0086           00062         movwf   PORTB
0028   280E           00063         goto    select
                      00064 
0029                  00065 DOS:
0029   3002           00066         movlw   B'00000010'
002A   0086           00067         movwf   PORTB
002B   280E           00068         goto    select
                      00069 
002C                  00070 TRES:
002C   3003           00071         movlw   B'00000011'
002D   0086           00072         movwf   PORTB
002E   280E           00073         goto    select
                      00074 
002F                  00075 CUATRO:
002F   3004           00076         movlw   B'00000100'
0030   0086           00077         movwf   PORTB
0031   280E           00078         goto    select
                      00079 
0032                  00080 CINCO:
0032   3005           00081         movlw   B'00000101'
0033   0086           00082         movwf   PORTB
0034   280E           00083         goto    select
                      00084 
0035                  00085 SEIS:
0035   3006           00086         movlw   B'00000110'
0036   0086           00087         movwf   PORTB
0037   280E           00088         goto    select
                      00089 
0038                  00090 SIETE:
0038   3007           00091         movlw   B'00000111'
0039   0086           00092         movwf   PORTB
003A   280E           00093         goto    select
                      00094 
                      00095         end
MPASM  5.35beta                   EJERCICIO 2.ASM   10-28-2017  18:38:00         PAGE  3


SYMBOL TABLE
  LABEL                             VALUE 

ACKDT                             00000005
ACKEN                             00000004
ACKSTAT                           00000006
ADCON0                            0000001F
ADCON1                            0000009F
ADCS0                             00000006
ADCS1                             00000007
ADDEN                             00000003
ADFM                              00000007
ADIE                              00000006
ADIF                              00000006
ADON                              00000000
ADRESH                            0000001E
ADRESL                            0000009E
BCLIE                             00000003
BCLIF                             00000003
BF                                00000000
BRGH                              00000002
C                                 00000000
CCP1CON                           00000017
CCP1IE                            00000002
CCP1IF                            00000002
CCP1M0                            00000000
CCP1M1                            00000001
CCP1M2                            00000002
CCP1M3                            00000003
CCP1X                             00000005
CCP1Y                             00000004
CCP2CON                           0000001D
CCP2IE                            00000000
CCP2IF                            00000000
CCP2M0                            00000000
CCP2M1                            00000001
CCP2M2                            00000002
CCP2M3                            00000003
CCP2X                             00000005
CCP2Y                             00000004
CCPR1H                            00000016
CCPR1L                            00000015
CCPR2H                            0000001C
CCPR2L                            0000001B
CERO                              00000023
CHS0                              00000003
CHS1                              00000004
CHS2                              00000005
CINCO                             00000032
CKE                               00000006
CKP                               00000004
CREN                              00000004
CSRC                              00000007
CUATRO                            0000002F
D                                 00000005
DATA_ADDRESS                      00000005
MPASM  5.35beta                   EJERCICIO 2.ASM   10-28-2017  18:38:00         PAGE  4


SYMBOL TABLE
  LABEL                             VALUE 

DC                                00000001
DOS                               00000029
D_A                               00000005
EEADR                             0000010D
EEADRH                            0000010F
EECON1                            0000018C
EECON2                            0000018D
EEDATA                            0000010C
EEDATH                            0000010E
EEIE                              00000004
EEIF                              00000004
EEPGD                             00000007
F                                 00000001
FERR                              00000002
FSR                               00000004
GCEN                              00000007
GIE                               00000007
GO                                00000002
GO_DONE                           00000002
I2C_DATA                          00000005
I2C_READ                          00000002
I2C_START                         00000003
I2C_STOP                          00000004
IBF                               00000007
IBOV                              00000005
INDF                              00000000
INICIO                            00000005
INTCON                            0000000B
INTE                              00000004
INTEDG                            00000006
INTF                              00000001
IRP                               00000007
NOT_A                             00000005
NOT_ADDRESS                       00000005
NOT_BO                            00000000
NOT_BOR                           00000000
NOT_DONE                          00000002
NOT_PD                            00000003
NOT_POR                           00000001
NOT_RBPU                          00000007
NOT_RC8                           00000006
NOT_T1SYNC                        00000002
NOT_TO                            00000004
NOT_TX8                           00000006
NOT_W                             00000002
NOT_WRITE                         00000002
OBF                               00000006
OERR                              00000001
OPTION_REG                        00000081
P                                 00000004
PCFG0                             00000000
PCFG1                             00000001
PCFG2                             00000002
MPASM  5.35beta                   EJERCICIO 2.ASM   10-28-2017  18:38:00         PAGE  5


SYMBOL TABLE
  LABEL                             VALUE 

PCFG3                             00000003
PCL                               00000002
PCLATH                            0000000A
PCON                              0000008E
PEIE                              00000006
PEN                               00000002
PIE1                              0000008C
PIE2                              0000008D
PIR1                              0000000C
PIR2                              0000000D
PORTA                             00000005
PORTB                             00000006
PORTC                             00000007
PORTD                             00000008
PORTE                             00000009
PR2                               00000092
PS0                               00000000
PS1                               00000001
PS2                               00000002
PSA                               00000003
PSPIE                             00000007
PSPIF                             00000007
PSPMODE                           00000004
R                                 00000002
RBIE                              00000003
RBIF                              00000000
RC8_9                             00000006
RC9                               00000006
RCD8                              00000000
RCEN                              00000003
RCIE                              00000005
RCIF                              00000005
RCREG                             0000001A
RCSTA                             00000018
RD                                00000000
READ_WRITE                        00000002
RP0                               00000005
RP1                               00000006
RSEN                              00000001
RX9                               00000006
RX9D                              00000000
R_W                               00000002
S                                 00000003
SEIS                              00000035
SEN                               00000000
SIETE                             00000038
SMP                               00000007
SPBRG                             00000099
SPEN                              00000007
SREN                              00000005
SSPADD                            00000093
SSPBUF                            00000013
SSPCON                            00000014
MPASM  5.35beta                   EJERCICIO 2.ASM   10-28-2017  18:38:00         PAGE  6


SYMBOL TABLE
  LABEL                             VALUE 

SSPCON2                           00000091
SSPEN                             00000005
SSPIE                             00000003
SSPIF                             00000003
SSPM0                             00000000
SSPM1                             00000001
SSPM2                             00000002
SSPM3                             00000003
SSPOV                             00000006
SSPSTAT                           00000094
STATUS                            00000003
SYNC                              00000004
T0CS                              00000005
T0IE                              00000005
T0IF                              00000002
T0SE                              00000004
T1CKPS0                           00000004
T1CKPS1                           00000005
T1CON                             00000010
T1INSYNC                          00000002
T1OSCEN                           00000003
T1SYNC                            00000002
T2CKPS0                           00000000
T2CKPS1                           00000001
T2CON                             00000012
TMR0                              00000001
TMR1CS                            00000001
TMR1H                             0000000F
TMR1IE                            00000000
TMR1IF                            00000000
TMR1L                             0000000E
TMR1ON                            00000000
TMR2                              00000011
TMR2IE                            00000001
TMR2IF                            00000001
TMR2ON                            00000002
TOUTPS0                           00000003
TOUTPS1                           00000004
TOUTPS2                           00000005
TOUTPS3                           00000006
TRES                              0000002C
TRISA                             00000085
TRISB                             00000086
TRISC                             00000087
TRISD                             00000088
TRISE                             00000089
TRISE0                            00000000
TRISE1                            00000001
TRISE2                            00000002
TRMT                              00000001
TX8_9                             00000006
TX9                               00000006
TX9D                              00000000
MPASM  5.35beta                   EJERCICIO 2.ASM   10-28-2017  18:38:00         PAGE  7


SYMBOL TABLE
  LABEL                             VALUE 

TXD8                              00000000
TXEN                              00000005
TXIE                              00000004
TXIF                              00000004
TXREG                             00000019
TXSTA                             00000098
UA                                00000001
UNO                               00000026
W                                 00000000
WCOL                              00000007
WR                                00000001
WREN                              00000002
WRERR                             00000003
Z                                 00000002
_BODEN_OFF                        00003FBF
_BODEN_ON                         00003FFF
_CPD_OFF                          00003FFF
_CPD_ON                           00003EFF
_CP_ALL                           00000FCF
_CP_HALF                          00001FDF
_CP_OFF                           00003FFF
_CP_UPPER_256                     00002FEF
_DEBUG_OFF                        00003FFF
_DEBUG_ON                         000037FF
_HS_OSC                           00003FFE
_LP_OSC                           00003FFC
_LVP_OFF                          00003F7F
_LVP_ON                           00003FFF
_PWRTE_OFF                        00003FFF
_PWRTE_ON                         00003FF7
_RC_OSC                           00003FFF
_WDT_OFF                          00003FFB
_WDT_ON                           00003FFF
_WRT_ENABLE_OFF                   00003DFF
_WRT_ENABLE_ON                    00003FFF
_XT_OSC                           00003FFD
__16F877A                         00000001
select                            0000000E
select1                           00000011
select2                           00000014
select3                           00000017
select4                           0000001A
select5                           0000001D
select6                           00000020
MPASM  5.35beta                   EJERCICIO 2.ASM   10-28-2017  18:38:00         PAGE  8


MEMORY USAGE MAP ('X' = Used,  '-' = Unused)


0000 : X----XXXXXXXXXXX XXXXXXXXXXXXXXXX XXXXXXXXXXXXXXXX XXXXXXXXXXX-----

All other memory blocks unused.

Program Memory Words Used:    55
Program Memory Words Free:  8137


Errors   :     0
Warnings :     0 reported,     0 suppressed
Messages :     3 reported,     0 suppressed

