MPASM  4.00 Released                           EJERCCIO 3.ASM   11-7-2017  13:58:37         PAGE  1


LOC  OBJECT CODE     LINE SOURCE TEXT
  VALUE

                      00001         processor 16f877
                      00002         include <p16f877.inc>
                      00001         LIST
                      00002 ; P16F877.INC  Standard Header File, Version 1.00    Microchip Technology, Inc.
Message[301]: MESSAGE: (Processor-header file mismatch.  Verify selected processor.)
                      00373         LIST
                      00003 
0000                  00004         org     0H
0000   2805           00005         goto    inicio
0005                  00006         org     05H
                      00007 
  00000021            00008 valor1 equ h'21'
  00000022            00009 valor2 equ h'22'
  00000023            00010 valor3 equ h'23'
  00000020            00011 cte1 equ 20h                                    ; PRIMER CONTADOR
  00000050            00012 cte2 equ 50h                                    ; SEGUNDO CONTADOR
  00000060            00013 cte3 equ 60h                                    ; TERCER CONTADOR
                      00014 
0005                  00015 inicio
0005   1683           00016         bsf             STATUS,RP0
0006   1303           00017         BCF             STATUS,RP1
                      00018 
0007   3000           00019         MOVLW   00H                             ; Configura puertos A y E como digitales
Message[302]: Register in operand not in bank 0.  Ensure that bank bits are correct.
0008   009F           00020         MOVWF   ADCON1  
0009   303F           00021         MOVLW   3FH                             ; Configura el puerto A como entrada
Message[302]: Register in operand not in bank 0.  Ensure that bank bits are correct.
000A   0085           00022         MOVWF   TRISA
000B   3000           00023         movlw   h'00'
Message[302]: Register in operand not in bank 0.  Ensure that bank bits are correct.
000C   0086           00024         movwf   TRISB           
                      00025 
Message[302]: Register in operand not in bank 0.  Ensure that bank bits are correct.
000D   1518           00026         BSF             TXSTA,BRGH
000E   3081           00027         MOVLW   D'129'                          ; 9600 BOUDS
Message[302]: Register in operand not in bank 0.  Ensure that bank bits are correct.
000F   0099           00028         MOVWF   SPBRG
Message[302]: Register in operand not in bank 0.  Ensure that bank bits are correct.
0010   1218           00029         BCF             TXSTA,SYNC
Message[302]: Register in operand not in bank 0.  Ensure that bank bits are correct.
0011   1698           00030         BSF             TXSTA,TXEN
0012   1283           00031         BCF             STATUS,RP0                      ; BANCO 0
0013   1798           00032         BSF             RCSTA,SPEN
0014   1618           00033         BSF             RCSTA,CREN
0015                  00034 RECIBE
0015   1E8C           00035         BTFSS   PIR1,RCIF
0016   2815           00036         GOTO    RECIBE
0017   081A           00037         MOVF    RCREG,W
0018   0099           00038         MOVWF   TXREG
0019   1683           00039         BSF             STATUS,RP0                      ; CAMBIAMOS A BANCO 1
001A                  00040 TRANSMITE
Message[302]: Register in operand not in bank 0.  Ensure that bank bits are correct.
001A   1C98           00041                 BTFSS   TXSTA,TRMT
MPASM  4.00 Released                           EJERCCIO 3.ASM   11-7-2017  13:58:37         PAGE  2


LOC  OBJECT CODE     LINE SOURCE TEXT
  VALUE

001B   281A           00042                 GOTO    TRANSMITE
001C   1283           00043                 BCF             STATUS,RP0              ; REGRESAMOS A BANCO 0
001D   0819           00044                 MOVF    TXREG,W
                      00045 
001E   3C41           00046                 SUBLW   H'41'
001F   1D03           00047                 BTFSS   STATUS,Z
0020   2825           00048                 GOTO    LETRAE  
0021   3000           00049                 MOVLW   H'00'
0022   2064           00050                 CALL    TABLA
0023   0086           00051                 MOVWF   PORTB
0024   2815           00052                 GOTO    RECIBE
                      00053 
0025                  00054 LETRAE
0025   3C45           00055         SUBLW   H'45'
0026   1D03           00056         BTFSS   STATUS,Z
0027   282C           00057         GOTO    LETRAI  
0028   3001           00058         MOVLW   H'01'
0029   2064           00059         CALL    TABLA
002A   0086           00060         MOVWF   PORTB
002B   2815           00061         GOTO    RECIBE
                      00062 
002C                  00063 LETRAI
002C   3C49           00064         SUBLW   H'49'
002D   1D03           00065         BTFSS   STATUS,Z
002E   2833           00066         GOTO    LETRAO  
002F   3002           00067         MOVLW   H'02'
0030   2064           00068         CALL    TABLA
0031   0086           00069         MOVWF   PORTB
0032   2815           00070         GOTO    RECIBE
                      00071 
0033                  00072 LETRAO
0033   3C4F           00073         SUBLW   H'4F'
0034   1D03           00074         BTFSS   STATUS,Z
0035   283A           00075         GOTO    LETRAU  
0036   3003           00076         MOVLW   H'03'
0037   2064           00077         CALL    TABLA
0038   0086           00078         MOVWF   PORTB
0039   2815           00079         GOTO    RECIBE
                      00080 
003A                  00081 LETRAU
003A   3C55           00082         SUBLW   H'55'
003B   1D03           00083         BTFSS   STATUS,Z
003C   2841           00084         GOTO    LETRAa  
003D   3004           00085         MOVLW   H'04'
003E   2064           00086         CALL    TABLA
003F   0086           00087         MOVWF   PORTB
0040   2815           00088         GOTO    RECIBE
                      00089 
0041                  00090 LETRAa
0041   3C61           00091         SUBLW   H'61'
0042   1D03           00092         BTFSS   STATUS,Z
0043   2848           00093         GOTO    LETRAe  
0044   3005           00094         MOVLW   H'05'
MPASM  4.00 Released                           EJERCCIO 3.ASM   11-7-2017  13:58:37         PAGE  3


LOC  OBJECT CODE     LINE SOURCE TEXT
  VALUE

0045   2064           00095         CALL    TABLA
0046   0086           00096         MOVWF   PORTB
0047   2815           00097         GOTO    RECIBE
                      00098 
0048                  00099 LETRAe
0048   3C65           00100         SUBLW   H'65'
0049   1D03           00101         BTFSS   STATUS,Z
004A   284F           00102         GOTO    LETRAi  
004B   3006           00103         MOVLW   H'06'
004C   2064           00104         CALL    TABLA
004D   0086           00105         MOVWF   PORTB
004E   2815           00106         GOTO    RECIBE
                      00107 
004F                  00108 LETRAi
004F   3C69           00109         SUBLW   H'69'
0050   1D03           00110         BTFSS   STATUS,Z
0051   2856           00111         GOTO    LETRAo  
0052   3007           00112         MOVLW   H'07'
0053   2064           00113         CALL    TABLA
0054   0086           00114         MOVWF   PORTB
0055   2815           00115         GOTO    RECIBE
                      00116 
0056                  00117 LETRAo
0056   3C6F           00118         SUBLW   H'6F'
0057   1D03           00119         BTFSS   STATUS,Z
0058   285D           00120         GOTO    LETRAu  
0059   3008           00121         MOVLW   H'08'
005A   2064           00122         CALL    TABLA
005B   0086           00123         MOVWF   PORTB
005C   2815           00124         GOTO    RECIBE
                      00125 
                      00126 
005D                  00127 LETRAu
005D   3C75           00128         SUBLW   H'75'
005E   1D03           00129         BTFSS   STATUS,Z
005F   2815           00130         GOTO    RECIBE  
0060   3009           00131         MOVLW   H'09'
0061   2064           00132         CALL    TABLA
0062   0086           00133         MOVWF   PORTB
0063   2815           00134         GOTO    RECIBE
0064                  00135 TABLA
0064   0782           00136         ADDWF   PCL,1
                      00137                         ;'hgfedcba
0065   3477           00138         retlw   B'01110111'     ;H'0A'
0066   3479           00139         retlw   B'01111001'     ;H'0E'
0067   3406           00140         retlw   B'00000110'     ;H'01'
0068   343F           00141         retlw   B'00111111'     ;H'0O'
0069   343E           00142         retlw   B'00111110'     ;H'0U'
                      00143 
006A   344C           00144         retlw   B'01001100'     ;H'0a'
006B   3458           00145         retlw   B'01011000' ;H'0e'
006C   3404           00146         retlw   B'00000100'     ;H'01'
006D   345C           00147         retlw   B'01011100' ;H'0o'
MPASM  4.00 Released                           EJERCCIO 3.ASM   11-7-2017  13:58:37         PAGE  4


LOC  OBJECT CODE     LINE SOURCE TEXT
  VALUE

006E   341C           00148         retlw   B'00011100' ;H'0u'
                      00149 
                      00150         end
MPASM  4.00 Released                           EJERCCIO 3.ASM   11-7-2017  13:58:37         PAGE  5


SYMBOL TABLE
  LABEL                             VALUE 

ACKDT                             00000005
ACKEN                             00000004
ACKSTAT                           00000006
ADCON0                            0000001F
ADCON1                            0000009F
ADCS0                             00000006
ADCS1                             00000007
ADDEN                             00000003
ADFM                              00000007
ADIE                              00000006
ADIF                              00000006
ADON                              00000000
ADRESH                            0000001E
ADRESL                            0000009E
BCLIE                             00000003
BCLIF                             00000003
BF                                00000000
BRGH                              00000002
C                                 00000000
CCP1CON                           00000017
CCP1IE                            00000002
CCP1IF                            00000002
CCP1M0                            00000000
CCP1M1                            00000001
CCP1M2                            00000002
CCP1M3                            00000003
CCP1X                             00000005
CCP1Y                             00000004
CCP2CON                           0000001D
CCP2IE                            00000000
CCP2IF                            00000000
CCP2M0                            00000000
CCP2M1                            00000001
CCP2M2                            00000002
CCP2M3                            00000003
CCP2X                             00000005
CCP2Y                             00000004
CCPR1H                            00000016
CCPR1L                            00000015
CCPR2H                            0000001C
CCPR2L                            0000001B
CHS0                              00000003
CHS1                              00000004
CHS2                              00000005
CKE                               00000006
CKP                               00000004
CREN                              00000004
CSRC                              00000007
D                                 00000005
DATA_ADDRESS                      00000005
DC                                00000001
D_A                               00000005
EEADR                             0000010D
MPASM  4.00 Released                           EJERCCIO 3.ASM   11-7-2017  13:58:37         PAGE  6


SYMBOL TABLE
  LABEL                             VALUE 

EEADRH                            0000010F
EECON1                            0000018C
EECON2                            0000018D
EEDATA                            0000010C
EEDATH                            0000010E
EEIE                              00000004
EEIF                              00000004
EEPGD                             00000007
F                                 00000001
FERR                              00000002
FSR                               00000004
GCEN                              00000007
GIE                               00000007
GO                                00000002
GO_DONE                           00000002
I2C_DATA                          00000005
I2C_READ                          00000002
I2C_START                         00000003
I2C_STOP                          00000004
IBF                               00000007
IBOV                              00000005
INDF                              00000000
INTCON                            0000000B
INTE                              00000004
INTEDG                            00000006
INTF                              00000001
IRP                               00000007
LETRAE                            00000025
LETRAI                            0000002C
LETRAO                            00000033
LETRAU                            0000003A
LETRAa                            00000041
LETRAe                            00000048
LETRAi                            0000004F
LETRAo                            00000056
LETRAu                            0000005D
NOT_A                             00000005
NOT_ADDRESS                       00000005
NOT_BO                            00000000
NOT_BOR                           00000000
NOT_DONE                          00000002
NOT_PD                            00000003
NOT_POR                           00000001
NOT_RBPU                          00000007
NOT_RC8                           00000006
NOT_T1SYNC                        00000002
NOT_TO                            00000004
NOT_TX8                           00000006
NOT_W                             00000002
NOT_WRITE                         00000002
OBF                               00000006
OERR                              00000001
OPTION_REG                        00000081
MPASM  4.00 Released                           EJERCCIO 3.ASM   11-7-2017  13:58:37         PAGE  7


SYMBOL TABLE
  LABEL                             VALUE 

P                                 00000004
PCFG0                             00000000
PCFG1                             00000001
PCFG2                             00000002
PCFG3                             00000003
PCL                               00000002
PCLATH                            0000000A
PCON                              0000008E
PEIE                              00000006
PEN                               00000002
PIE1                              0000008C
PIE2                              0000008D
PIR1                              0000000C
PIR2                              0000000D
PORTA                             00000005
PORTB                             00000006
PORTC                             00000007
PORTD                             00000008
PORTE                             00000009
PR2                               00000092
PS0                               00000000
PS1                               00000001
PS2                               00000002
PSA                               00000003
PSPIE                             00000007
PSPIF                             00000007
PSPMODE                           00000004
R                                 00000002
RBIE                              00000003
RBIF                              00000000
RC8_9                             00000006
RC9                               00000006
RCD8                              00000000
RCEN                              00000003
RCIE                              00000005
RCIF                              00000005
RCREG                             0000001A
RCSTA                             00000018
RD                                00000000
READ_WRITE                        00000002
RECIBE                            00000015
RP0                               00000005
RP1                               00000006
RSEN                              00000001
RX9                               00000006
RX9D                              00000000
R_W                               00000002
S                                 00000003
SEN                               00000000
SMP                               00000007
SPBRG                             00000099
SPEN                              00000007
SREN                              00000005
MPASM  4.00 Released                           EJERCCIO 3.ASM   11-7-2017  13:58:37         PAGE  8


SYMBOL TABLE
  LABEL                             VALUE 

SSPADD                            00000093
SSPBUF                            00000013
SSPCON                            00000014
SSPCON2                           00000091
SSPEN                             00000005
SSPIE                             00000003
SSPIF                             00000003
SSPM0                             00000000
SSPM1                             00000001
SSPM2                             00000002
SSPM3                             00000003
SSPOV                             00000006
SSPSTAT                           00000094
STATUS                            00000003
SYNC                              00000004
T0CS                              00000005
T0IE                              00000005
T0IF                              00000002
T0SE                              00000004
T1CKPS0                           00000004
T1CKPS1                           00000005
T1CON                             00000010
T1INSYNC                          00000002
T1OSCEN                           00000003
T1SYNC                            00000002
T2CKPS0                           00000000
T2CKPS1                           00000001
T2CON                             00000012
TABLA                             00000064
TMR0                              00000001
TMR1CS                            00000001
TMR1H                             0000000F
TMR1IE                            00000000
TMR1IF                            00000000
TMR1L                             0000000E
TMR1ON                            00000000
TMR2                              00000011
TMR2IE                            00000001
TMR2IF                            00000001
TMR2ON                            00000002
TOUTPS0                           00000003
TOUTPS1                           00000004
TOUTPS2                           00000005
TOUTPS3                           00000006
TRANSMITE                         0000001A
TRISA                             00000085
TRISB                             00000086
TRISC                             00000087
TRISD                             00000088
TRISE                             00000089
TRISE0                            00000000
TRISE1                            00000001
TRISE2                            00000002
MPASM  4.00 Released                           EJERCCIO 3.ASM   11-7-2017  13:58:37         PAGE  9


SYMBOL TABLE
  LABEL                             VALUE 

TRMT                              00000001
TX8_9                             00000006
TX9                               00000006
TX9D                              00000000
TXD8                              00000000
TXEN                              00000005
TXIE                              00000004
TXIF                              00000004
TXREG                             00000019
TXSTA                             00000098
UA                                00000001
W                                 00000000
WCOL                              00000007
WR                                00000001
WREN                              00000002
WRERR                             00000003
Z                                 00000002
_BODEN_OFF                        00003FBF
_BODEN_ON                         00003FFF
_CPD_OFF                          00003FFF
_CPD_ON                           00003EFF
_CP_ALL                           00000FCF
_CP_HALF                          00001FDF
_CP_OFF                           00003FFF
_CP_UPPER_256                     00002FEF
_DEBUG_OFF                        00003FFF
_DEBUG_ON                         000037FF
_HS_OSC                           00003FFE
_LP_OSC                           00003FFC
_LVP_OFF                          00003F7F
_LVP_ON                           00003FFF
_PWRTE_OFF                        00003FFF
_PWRTE_ON                         00003FF7
_RC_OSC                           00003FFF
_WDT_OFF                          00003FFB
_WDT_ON                           00003FFF
_WRT_ENABLE_OFF                   00003DFF
_WRT_ENABLE_ON                    00003FFF
_XT_OSC                           00003FFD
__16F877A                         00000001
cte1                              00000020
cte2                              00000050
cte3                              00000060
inicio                            00000005
valor1                            00000021
valor2                            00000022
valor3                            00000023
MPASM  4.00 Released                           EJERCCIO 3.ASM   11-7-2017  13:58:37         PAGE 10


MEMORY USAGE MAP ('X' = Used,  '-' = Unused)


0000 : X----XXXXXXXXXXX XXXXXXXXXXXXXXXX XXXXXXXXXXXXXXXX XXXXXXXXXXXXXXXX
0040 : XXXXXXXXXXXXXXXX XXXXXXXXXXXXXXXX XXXXXXXXXXXXXXX- ----------------

All other memory blocks unused.

Program Memory Words Used:   107
Program Memory Words Free:  8085


Errors   :     0
Warnings :     0 reported,     0 suppressed
Messages :     9 reported,     0 suppressed

