MPASM  5.35beta                   EJERCICIO 4.ASM   10-28-2017  18:24:16         PAGE  1


LOC  OBJECT CODE     LINE SOURCE TEXT
  VALUE

                      00001         processor 16f877
                      00002         include<p16f877.inc>
                      00001         LIST
                      00002 ; P16F877.INC  Standard Header File, Version 1.00    Microchip Technology, Inc.
Message[301]: MESSAGE: (Processor-header file mismatch.  Verify selected processor.)
                      00373         LIST
                      00003 
  00000021            00004 valor1  equ h'21'
  00000022            00005 valor2  equ h'22'
  00000023            00006 valor3  equ h'23'
  00000040            00007 cte1    equ 40h
  00000050            00008 cte2    equ 50h
  00000060            00009 cte3    equ 60h
                      00010 
0000                  00011         org     0
0000   2805           00012         goto inicio
0005                  00013         org     5
0005                  00014 inicio:
0005   1683           00015                 bsf             STATUS,5
0006   1303           00016                 bcf             STATUS,6
0007   3000           00017                 movlw   h'0'
Message[302]: Register in operand not in bank 0.  Ensure that bank bits are correct.
0008   0086           00018                 movwf   TRISB
0009   1283           00019                 bcf             STATUS,5
000A   0186           00020                 clrf    PORTB
000B                  00021 loop    
000B   3080           00022                 movlw   h'80'           
000C   00A0           00023                 movwf   h'20'
000D                  00024 corrimiento     
000D   0820           00025                 movfw h'20'
000E   0086           00026                 movwf PORTB
000F   0CA0           00027                 rrf h'20',1
0010   2014           00028                 call retardo
Warning[202]: Argument out of range.  Least significant bits used.
0011   1FA0           00029                 btfss h'20',-1
0012   280D           00030                 goto corrimiento
0013   280B           00031                 goto loop
                      00032 
0014                  00033 retardo
0014   3040           00034                 movlw   cte1
0015   00A1           00035                 movwf   valor1
0016                  00036 tres
0016   3050           00037                 movlw   cte2
0017   00A2           00038                 movwf   valor2
0018                  00039 dos     
0018   3060           00040                 movlw   cte3
0019   00A3           00041                 movwf   valor3
001A                  00042 uno     
Message[305]: Using default destination of 1 (file).
001A   0BA3           00043                 decfsz  valor3
001B   281A           00044                 goto    uno
Message[305]: Using default destination of 1 (file).
001C   0BA2           00045                 decfsz  valor2
MPASM  5.35beta                   EJERCICIO 4.ASM   10-28-2017  18:24:16         PAGE  2


LOC  OBJECT CODE     LINE SOURCE TEXT
  VALUE

001D   2818           00046                 goto    dos
Message[305]: Using default destination of 1 (file).
001E   0BA1           00047                 decfsz  valor1
001F   2816           00048                 goto    tres
0020   0008           00049                 return
                      00050                 end
MPASM  5.35beta                   EJERCICIO 4.ASM   10-28-2017  18:24:16         PAGE  3


SYMBOL TABLE
  LABEL                             VALUE 

ACKDT                             00000005
ACKEN                             00000004
ACKSTAT                           00000006
ADCON0                            0000001F
ADCON1                            0000009F
ADCS0                             00000006
ADCS1                             00000007
ADDEN                             00000003
ADFM                              00000007
ADIE                              00000006
ADIF                              00000006
ADON                              00000000
ADRESH                            0000001E
ADRESL                            0000009E
BCLIE                             00000003
BCLIF                             00000003
BF                                00000000
BRGH                              00000002
C                                 00000000
CCP1CON                           00000017
CCP1IE                            00000002
CCP1IF                            00000002
CCP1M0                            00000000
CCP1M1                            00000001
CCP1M2                            00000002
CCP1M3                            00000003
CCP1X                             00000005
CCP1Y                             00000004
CCP2CON                           0000001D
CCP2IE                            00000000
CCP2IF                            00000000
CCP2M0                            00000000
CCP2M1                            00000001
CCP2M2                            00000002
CCP2M3                            00000003
CCP2X                             00000005
CCP2Y                             00000004
CCPR1H                            00000016
CCPR1L                            00000015
CCPR2H                            0000001C
CCPR2L                            0000001B
CHS0                              00000003
CHS1                              00000004
CHS2                              00000005
CKE                               00000006
CKP                               00000004
CREN                              00000004
CSRC                              00000007
D                                 00000005
DATA_ADDRESS                      00000005
DC                                00000001
D_A                               00000005
EEADR                             0000010D
MPASM  5.35beta                   EJERCICIO 4.ASM   10-28-2017  18:24:16         PAGE  4


SYMBOL TABLE
  LABEL                             VALUE 

EEADRH                            0000010F
EECON1                            0000018C
EECON2                            0000018D
EEDATA                            0000010C
EEDATH                            0000010E
EEIE                              00000004
EEIF                              00000004
EEPGD                             00000007
F                                 00000001
FERR                              00000002
FSR                               00000004
GCEN                              00000007
GIE                               00000007
GO                                00000002
GO_DONE                           00000002
I2C_DATA                          00000005
I2C_READ                          00000002
I2C_START                         00000003
I2C_STOP                          00000004
IBF                               00000007
IBOV                              00000005
INDF                              00000000
INTCON                            0000000B
INTE                              00000004
INTEDG                            00000006
INTF                              00000001
IRP                               00000007
NOT_A                             00000005
NOT_ADDRESS                       00000005
NOT_BO                            00000000
NOT_BOR                           00000000
NOT_DONE                          00000002
NOT_PD                            00000003
NOT_POR                           00000001
NOT_RBPU                          00000007
NOT_RC8                           00000006
NOT_T1SYNC                        00000002
NOT_TO                            00000004
NOT_TX8                           00000006
NOT_W                             00000002
NOT_WRITE                         00000002
OBF                               00000006
OERR                              00000001
OPTION_REG                        00000081
P                                 00000004
PCFG0                             00000000
PCFG1                             00000001
PCFG2                             00000002
PCFG3                             00000003
PCL                               00000002
PCLATH                            0000000A
PCON                              0000008E
PEIE                              00000006
MPASM  5.35beta                   EJERCICIO 4.ASM   10-28-2017  18:24:16         PAGE  5


SYMBOL TABLE
  LABEL                             VALUE 

PEN                               00000002
PIE1                              0000008C
PIE2                              0000008D
PIR1                              0000000C
PIR2                              0000000D
PORTA                             00000005
PORTB                             00000006
PORTC                             00000007
PORTD                             00000008
PORTE                             00000009
PR2                               00000092
PS0                               00000000
PS1                               00000001
PS2                               00000002
PSA                               00000003
PSPIE                             00000007
PSPIF                             00000007
PSPMODE                           00000004
R                                 00000002
RBIE                              00000003
RBIF                              00000000
RC8_9                             00000006
RC9                               00000006
RCD8                              00000000
RCEN                              00000003
RCIE                              00000005
RCIF                              00000005
RCREG                             0000001A
RCSTA                             00000018
RD                                00000000
READ_WRITE                        00000002
RP0                               00000005
RP1                               00000006
RSEN                              00000001
RX9                               00000006
RX9D                              00000000
R_W                               00000002
S                                 00000003
SEN                               00000000
SMP                               00000007
SPBRG                             00000099
SPEN                              00000007
SREN                              00000005
SSPADD                            00000093
SSPBUF                            00000013
SSPCON                            00000014
SSPCON2                           00000091
SSPEN                             00000005
SSPIE                             00000003
SSPIF                             00000003
SSPM0                             00000000
SSPM1                             00000001
SSPM2                             00000002
MPASM  5.35beta                   EJERCICIO 4.ASM   10-28-2017  18:24:16         PAGE  6


SYMBOL TABLE
  LABEL                             VALUE 

SSPM3                             00000003
SSPOV                             00000006
SSPSTAT                           00000094
STATUS                            00000003
SYNC                              00000004
T0CS                              00000005
T0IE                              00000005
T0IF                              00000002
T0SE                              00000004
T1CKPS0                           00000004
T1CKPS1                           00000005
T1CON                             00000010
T1INSYNC                          00000002
T1OSCEN                           00000003
T1SYNC                            00000002
T2CKPS0                           00000000
T2CKPS1                           00000001
T2CON                             00000012
TMR0                              00000001
TMR1CS                            00000001
TMR1H                             0000000F
TMR1IE                            00000000
TMR1IF                            00000000
TMR1L                             0000000E
TMR1ON                            00000000
TMR2                              00000011
TMR2IE                            00000001
TMR2IF                            00000001
TMR2ON                            00000002
TOUTPS0                           00000003
TOUTPS1                           00000004
TOUTPS2                           00000005
TOUTPS3                           00000006
TRISA                             00000085
TRISB                             00000086
TRISC                             00000087
TRISD                             00000088
TRISE                             00000089
TRISE0                            00000000
TRISE1                            00000001
TRISE2                            00000002
TRMT                              00000001
TX8_9                             00000006
TX9                               00000006
TX9D                              00000000
TXD8                              00000000
TXEN                              00000005
TXIE                              00000004
TXIF                              00000004
TXREG                             00000019
TXSTA                             00000098
UA                                00000001
W                                 00000000
MPASM  5.35beta                   EJERCICIO 4.ASM   10-28-2017  18:24:16         PAGE  7


SYMBOL TABLE
  LABEL                             VALUE 

WCOL                              00000007
WR                                00000001
WREN                              00000002
WRERR                             00000003
Z                                 00000002
_BODEN_OFF                        00003FBF
_BODEN_ON                         00003FFF
_CPD_OFF                          00003FFF
_CPD_ON                           00003EFF
_CP_ALL                           00000FCF
_CP_HALF                          00001FDF
_CP_OFF                           00003FFF
_CP_UPPER_256                     00002FEF
_DEBUG_OFF                        00003FFF
_DEBUG_ON                         000037FF
_HS_OSC                           00003FFE
_LP_OSC                           00003FFC
_LVP_OFF                          00003F7F
_LVP_ON                           00003FFF
_PWRTE_OFF                        00003FFF
_PWRTE_ON                         00003FF7
_RC_OSC                           00003FFF
_WDT_OFF                          00003FFB
_WDT_ON                           00003FFF
_WRT_ENABLE_OFF                   00003DFF
_WRT_ENABLE_ON                    00003FFF
_XT_OSC                           00003FFD
__16F877A                         00000001
corrimiento                       0000000D
cte1                              00000040
cte2                              00000050
cte3                              00000060
dos                               00000018
inicio                            00000005
loop                              0000000B
retardo                           00000014
tres                              00000016
uno                               0000001A
valor1                            00000021
valor2                            00000022
valor3                            00000023
MPASM  5.35beta                   EJERCICIO 4.ASM   10-28-2017  18:24:16         PAGE  8


MEMORY USAGE MAP ('X' = Used,  '-' = Unused)


0000 : X----XXXXXXXXXXX XXXXXXXXXXXXXXXX X--------------- ----------------

All other memory blocks unused.

Program Memory Words Used:    29
Program Memory Words Free:  8163


Errors   :     0
Warnings :     1 reported,     0 suppressed
Messages :     5 reported,     0 suppressed

