
ROM used: 561 (7%)
          2048 (25%) including unused fragments

          1 Average locations per line
          4 Average locations per statement

RAM used: 20 (11%) at main() level
          21 (12%) worst case

Lines Stmts  %   Files
----- ----- ---  -----
  390   158 100  D:\Microcomputadoras\practica5t\TecLSD03.c
  259     0   0  C:\Program Files (x86)\PICC\devices\16f877.h
----- -----
 1298   316 Total

Page ROM  %  RAM  Functions:
---- --- --- ---  ----------
0     19   3   1  @delay_ms1
3      1   0   0  loader16F877
0    524  93   2  main
0     13   2   1  fncEscribe

 Segment   Used  Free
---------  ----  ----
00000-00003     4  0
00004-007FF   556  1488
00800-00FFF     0  2048
01000-017FF     0  2048
01800-01EFF     0  1792
01F00-01FFF     1  255

