
ROM used: 139 (2%)
          2048 (25%) including unused fragments

          0 Average locations per line
          6 Average locations per statement

RAM used: 21 (12%) at main() level
          22 (13%) worst case

Lines Stmts  %   Files
----- ----- ---  -----
   89    22 100  C:\Users\ChibrasGuillermo\Documents\Luis\UNAM\Microcomputadoras\Teoria\practica4\Keyboard_2.c
  259     0   0  C:\Program Files (x86)\PICC\devices\16f877.h
----- -----
  696    44 Total

Page ROM  %  RAM  Functions:
---- --- --- ---  ----------
0     21  15   1  @delay_ms1
3      1   1   0  loader16F877
0    113  81   3  main

 Segment   Used  Free
---------  ----  ----
00000-00003     4  0
00004-007FF   134  1910
00800-00FFF     0  2048
01000-017FF     0  2048
01800-01EFF     0  1792
01F00-01FFF     1  255

