MPASM  4.00 Released                          EJERCICIO 1.ASM   10-24-2017  14:08:51         PAGE  1


LOC  OBJECT CODE     LINE SOURCE TEXT
  VALUE

Warning[205]: Found directive in column 1. (processor)
                      00001 processor 16f877
Warning[205]: Found directive in column 1. (include)
                      00002 include <p16f877.inc>
                      00001         LIST
                      00002 ; P16F877.INC  Standard Header File, Version 1.00    Microchip Technology, Inc.
Message[301]: MESSAGE: (Processor-header file mismatch.  Verify selected processor.)
                      00373         LIST
                      00003 
Warning[205]: Found directive in column 1. (org)
0000                  00004 org     0
Warning[203]: Found opcode in column 1. (goto)
0000   2805           00005 goto    inicio
Warning[205]: Found directive in column 1. (org)
0005                  00006 org     5
                      00007 
Warning[207]: Found label after column 1. (valor1)
  00000021            00008         valor1  equ h'21'
Warning[207]: Found label after column 1. (cte1)
  00000006            00009         cte1    equ h'06'               ; PRIMER CONTADOR
                      00010 
Warning[207]: Found label after column 1. (valor2)
  00000034            00011         valor2  equ h'34'               ; SEGUNDO CONTADOR
Warning[207]: Found label after column 1. (cte2)
  000000FF            00012         cte2    equ h'ff'
                      00013 
Warning[207]: Found label after column 1. (comp)
  00000022            00014         comp    equ H'22'
Warning[207]: Found label after column 1. (clave)
  00000023            00015         clave   equ H'23'               ; CLAVE DE EQUIPO "6E"
Warning[207]: Found label after column 1. (resu)
  00000024            00016         resu    equ H'24'
Warning[207]: Found label after column 1. (Nibble)
  00000026            00017         Nibble  equ     H'26'           ; AUX PARA SWAP
Warning[207]: Found label after column 1. (CON)
  00000025            00018         CON             equ H'25'
                      00019                 
0005                  00020 inicio: 
0005   0185           00021         clrf    PORTA
0006   0189           00022         clrf    PORTE
0007   1683           00023         bsf     STATUS,RP0              ; CAMBIAMOS AL BANCO 1
0008   1303           00024         bcf     STATUS,RP1
                      00025 
0009   3000           00026         movlw   H'00'                   ; PUERTOS "A" Y "B" COMO DIGITALES
Message[302]: Register in operand not in bank 0.  Ensure that bank bits are correct.
000A   009F           00027         movwf   ADCON1
Message[302]: Register in operand not in bank 0.  Ensure that bank bits are correct.
000B   0186           00028         clrf    TRISB
Message[302]: Register in operand not in bank 0.  Ensure that bank bits are correct.
000C   0188           00029         clrf    TRISD                   ; PUERTO "C" COMO SALIDA (CONTROL DE LOS DISPLAYS)
000D   1283           00030         bcf     STATUS,RP0              ; REGRESA AL BANCO 0
                      00031 
000E   01A4           00032         clrf    resu
MPASM  4.00 Released                          EJERCICIO 1.ASM   10-24-2017  14:08:51         PAGE  2


LOC  OBJECT CODE     LINE SOURCE TEXT
  VALUE

000F   30C1           00033         movlw   B'11000001'             ; CONFIGURA EL REGISTRO ADCON0
0010   009F           00034         movwf   ADCON0  
                      00035 
                      00036 ;;;;;;;;;;;;;;;;;;;;;;;;;;;;CONVERTIDOR;;;;;;;;;;;;;;;;;;;;;;;;;;;
0011                  00037 LOOP2:  
0011   151F           00038         bsf             ADCON0,2                ; INICIA LA CONVERSION COLOCANDO '1' A LA BANDERA GO/DON
                            E
0012   201E           00039         call    retardo
                      00040 
0013                  00041 LOOP:   
0013   1D1F           00042         btfss   ADCON0,2
0014   2813           00043         goto    LOOP
0015   081E           00044         movf    ADRESH,W                ; OBTENEMOS EL RESULTADO
                      00045 
0016                  00046 Continua:
0016   081E           00047         movf    ADRESH,W
0017   00A4           00048         movwf   resu
0018   2819           00049         goto    Disp1   
                      00050 ;;;;;;;;;;;;;;;;;;;;;;;;;;;;DISPLAY 1;;;;;;;;;;;;;;;;;;;;;;;;;;;;
0019                  00051 Disp1:
0019   0188           00052         CLRF    PORTD
001A   0824           00053         MOVF    resu,W
001B   0086           00054         MOVWF   PORTB
001C   2023           00055         CALL    retardo2
001D   2811           00056         goto    LOOP2
                      00057 ;;;;;;;;;;;;;;;;;;;;;;;;;;;;RETARDO 1;;;;;;;;;;;;;;;;;;;;;;;;;;;;
001E                  00058 retardo
001E   3006           00059         movlw cte1
001F   00A1           00060         movwf valor1
0020                  00061 tres
Message[305]: Using default destination of 1 (file).
0020   0BA1           00062         decfsz valor1
0021   2820           00063         goto tres
0022   0008           00064         return
                      00065 ;;;;;;;;;;;;;;;;;;;;;;;;;;;;RETARDO 2;;;;;;;;;;;;;;;;;;;;;;;;;;;;
0023                  00066 retardo2 
0023   30FF           00067         movlw cte2
0024   00B4           00068         movwf valor2
0025                  00069 tres2
Message[305]: Using default destination of 1 (file).
0025   0BB4           00070         decfsz valor2
0026   2825           00071         goto tres2
0027   0008           00072         return
                      00073 ;;;;;;;;;;;;;;;;;;;;;;;;;;;;;TABLA;;;;;;;;;;;;;;;;;;;;;;;;;;;;;
0028                  00074 Tabla:
0028   0782           00075         addwf   PCL,1
                      00076                         ; hgfedcba
0029   3400           00077         retlw   B'00000000'
002A   3401           00078         retlw   B'00000001'
002B   3403           00079         retlw   B'00000011'
002C   3407           00080         retlw   B'00000111'
002D   340F           00081         retlw   B'00001111'
002E   341F           00082         retlw   B'00011111'
MPASM  4.00 Released                          EJERCICIO 1.ASM   10-24-2017  14:08:51         PAGE  3


LOC  OBJECT CODE     LINE SOURCE TEXT
  VALUE

002F   343F           00083         retlw   B'00111111'
0030   347F           00084         retlw   B'01111111'
0031   34FF           00085         retlw   B'11111111'
                      00086 
0032   0008           00087         return
                      00088 
Warning[205]: Found directive in column 1. (end)
                      00089 end
MPASM  4.00 Released                          EJERCICIO 1.ASM   10-24-2017  14:08:51         PAGE  4


SYMBOL TABLE
  LABEL                             VALUE 

ACKDT                             00000005
ACKEN                             00000004
ACKSTAT                           00000006
ADCON0                            0000001F
ADCON1                            0000009F
ADCS0                             00000006
ADCS1                             00000007
ADDEN                             00000003
ADFM                              00000007
ADIE                              00000006
ADIF                              00000006
ADON                              00000000
ADRESH                            0000001E
ADRESL                            0000009E
BCLIE                             00000003
BCLIF                             00000003
BF                                00000000
BRGH                              00000002
C                                 00000000
CCP1CON                           00000017
CCP1IE                            00000002
CCP1IF                            00000002
CCP1M0                            00000000
CCP1M1                            00000001
CCP1M2                            00000002
CCP1M3                            00000003
CCP1X                             00000005
CCP1Y                             00000004
CCP2CON                           0000001D
CCP2IE                            00000000
CCP2IF                            00000000
CCP2M0                            00000000
CCP2M1                            00000001
CCP2M2                            00000002
CCP2M3                            00000003
CCP2X                             00000005
CCP2Y                             00000004
CCPR1H                            00000016
CCPR1L                            00000015
CCPR2H                            0000001C
CCPR2L                            0000001B
CHS0                              00000003
CHS1                              00000004
CHS2                              00000005
CKE                               00000006
CKP                               00000004
CON                               00000025
CREN                              00000004
CSRC                              00000007
Continua                          00000016
D                                 00000005
DATA_ADDRESS                      00000005
DC                                00000001
MPASM  4.00 Released                          EJERCICIO 1.ASM   10-24-2017  14:08:51         PAGE  5


SYMBOL TABLE
  LABEL                             VALUE 

D_A                               00000005
Disp1                             00000019
EEADR                             0000010D
EEADRH                            0000010F
EECON1                            0000018C
EECON2                            0000018D
EEDATA                            0000010C
EEDATH                            0000010E
EEIE                              00000004
EEIF                              00000004
EEPGD                             00000007
F                                 00000001
FERR                              00000002
FSR                               00000004
GCEN                              00000007
GIE                               00000007
GO                                00000002
GO_DONE                           00000002
I2C_DATA                          00000005
I2C_READ                          00000002
I2C_START                         00000003
I2C_STOP                          00000004
IBF                               00000007
IBOV                              00000005
INDF                              00000000
INTCON                            0000000B
INTE                              00000004
INTEDG                            00000006
INTF                              00000001
IRP                               00000007
LOOP                              00000013
LOOP2                             00000011
NOT_A                             00000005
NOT_ADDRESS                       00000005
NOT_BO                            00000000
NOT_BOR                           00000000
NOT_DONE                          00000002
NOT_PD                            00000003
NOT_POR                           00000001
NOT_RBPU                          00000007
NOT_RC8                           00000006
NOT_T1SYNC                        00000002
NOT_TO                            00000004
NOT_TX8                           00000006
NOT_W                             00000002
NOT_WRITE                         00000002
Nibble                            00000026
OBF                               00000006
OERR                              00000001
OPTION_REG                        00000081
P                                 00000004
PCFG0                             00000000
PCFG1                             00000001
MPASM  4.00 Released                          EJERCICIO 1.ASM   10-24-2017  14:08:51         PAGE  6


SYMBOL TABLE
  LABEL                             VALUE 

PCFG2                             00000002
PCFG3                             00000003
PCL                               00000002
PCLATH                            0000000A
PCON                              0000008E
PEIE                              00000006
PEN                               00000002
PIE1                              0000008C
PIE2                              0000008D
PIR1                              0000000C
PIR2                              0000000D
PORTA                             00000005
PORTB                             00000006
PORTC                             00000007
PORTD                             00000008
PORTE                             00000009
PR2                               00000092
PS0                               00000000
PS1                               00000001
PS2                               00000002
PSA                               00000003
PSPIE                             00000007
PSPIF                             00000007
PSPMODE                           00000004
R                                 00000002
RBIE                              00000003
RBIF                              00000000
RC8_9                             00000006
RC9                               00000006
RCD8                              00000000
RCEN                              00000003
RCIE                              00000005
RCIF                              00000005
RCREG                             0000001A
RCSTA                             00000018
RD                                00000000
READ_WRITE                        00000002
RP0                               00000005
RP1                               00000006
RSEN                              00000001
RX9                               00000006
RX9D                              00000000
R_W                               00000002
S                                 00000003
SEN                               00000000
SMP                               00000007
SPBRG                             00000099
SPEN                              00000007
SREN                              00000005
SSPADD                            00000093
SSPBUF                            00000013
SSPCON                            00000014
SSPCON2                           00000091
MPASM  4.00 Released                          EJERCICIO 1.ASM   10-24-2017  14:08:51         PAGE  7


SYMBOL TABLE
  LABEL                             VALUE 

SSPEN                             00000005
SSPIE                             00000003
SSPIF                             00000003
SSPM0                             00000000
SSPM1                             00000001
SSPM2                             00000002
SSPM3                             00000003
SSPOV                             00000006
SSPSTAT                           00000094
STATUS                            00000003
SYNC                              00000004
T0CS                              00000005
T0IE                              00000005
T0IF                              00000002
T0SE                              00000004
T1CKPS0                           00000004
T1CKPS1                           00000005
T1CON                             00000010
T1INSYNC                          00000002
T1OSCEN                           00000003
T1SYNC                            00000002
T2CKPS0                           00000000
T2CKPS1                           00000001
T2CON                             00000012
TMR0                              00000001
TMR1CS                            00000001
TMR1H                             0000000F
TMR1IE                            00000000
TMR1IF                            00000000
TMR1L                             0000000E
TMR1ON                            00000000
TMR2                              00000011
TMR2IE                            00000001
TMR2IF                            00000001
TMR2ON                            00000002
TOUTPS0                           00000003
TOUTPS1                           00000004
TOUTPS2                           00000005
TOUTPS3                           00000006
TRISA                             00000085
TRISB                             00000086
TRISC                             00000087
TRISD                             00000088
TRISE                             00000089
TRISE0                            00000000
TRISE1                            00000001
TRISE2                            00000002
TRMT                              00000001
TX8_9                             00000006
TX9                               00000006
TX9D                              00000000
TXD8                              00000000
TXEN                              00000005
MPASM  4.00 Released                          EJERCICIO 1.ASM   10-24-2017  14:08:51         PAGE  8


SYMBOL TABLE
  LABEL                             VALUE 

TXIE                              00000004
TXIF                              00000004
TXREG                             00000019
TXSTA                             00000098
Tabla                             00000028
UA                                00000001
W                                 00000000
WCOL                              00000007
WR                                00000001
WREN                              00000002
WRERR                             00000003
Z                                 00000002
_BODEN_OFF                        00003FBF
_BODEN_ON                         00003FFF
_CPD_OFF                          00003FFF
_CPD_ON                           00003EFF
_CP_ALL                           00000FCF
_CP_HALF                          00001FDF
_CP_OFF                           00003FFF
_CP_UPPER_256                     00002FEF
_DEBUG_OFF                        00003FFF
_DEBUG_ON                         000037FF
_HS_OSC                           00003FFE
_LP_OSC                           00003FFC
_LVP_OFF                          00003F7F
_LVP_ON                           00003FFF
_PWRTE_OFF                        00003FFF
_PWRTE_ON                         00003FF7
_RC_OSC                           00003FFF
_WDT_OFF                          00003FFB
_WDT_ON                           00003FFF
_WRT_ENABLE_OFF                   00003DFF
_WRT_ENABLE_ON                    00003FFF
_XT_OSC                           00003FFD
__16F877A                         00000001
clave                             00000023
comp                              00000022
cte1                              00000006
cte2                              000000FF
inicio                            00000005
resu                              00000024
retardo                           0000001E
retardo2                          00000023
tres                              00000020
tres2                             00000025
valor1                            00000021
valor2                            00000034
MPASM  4.00 Released                          EJERCICIO 1.ASM   10-24-2017  14:08:51         PAGE  9


MEMORY USAGE MAP ('X' = Used,  '-' = Unused)


0000 : X----XXXXXXXXXXX XXXXXXXXXXXXXXXX XXXXXXXXXXXXXXXX XXX-------------

All other memory blocks unused.

Program Memory Words Used:    47
Program Memory Words Free:  8145


Errors   :     0
Warnings :    15 reported,     0 suppressed
Messages :     6 reported,     0 suppressed

