MPASM  4.00 Released                          EJERCICIO 3.ASM   11-7-2017  13:55:56         PAGE  1


LOC  OBJECT CODE     LINE SOURCE TEXT
  VALUE

                      00001 ; Realizar un programa, de manera que identifique cu치l de tres se침ales
                      00002 ; anal칩gicas que ingresan al convertidor A/D es mayor que las otras dos
                      00003 ; representar el resultado de acuerdo al contenido de la tabla.
                      00004 ;               Se침al    | PB2 | PB1 | PB0 
                      00005 ;-----------------------------------
                      00006 ; Ve1 > Ve2 & Ve3 |      0      |  0  |  1 
                      00007 ; Ve2 > Ve1 & Ve3 |  0  |  1  |  1 
                      00008 ; Ve3 > Ve1 & Ve2 |      1      |  1  |  1 
                      00009 
                      00010         processor 16f877
                      00011         include <p16f877.inc>
                      00001         LIST
                      00002 ; P16F877.INC  Standard Header File, Version 1.00    Microchip Technology, Inc.
Message[301]: MESSAGE: (Processor-header file mismatch.  Verify selected processor.)
                      00373         LIST
                      00012 
0000                  00013         org     0H 
0000   2805           00014         goto    inicio
0005                  00015         org     05H
                      00016 
  00000021            00017 valor1  equ h'21'
  00000006            00018 cte1    equ 6h                                  ; PRIMER CONTADOR
  00000022            00019 AN0             EQU     H'22'
  00000023            00020 AN1             EQU     H'23'
  00000024            00021 AN2             EQU     H'24'
                      00022 
0005                  00023 inicio:
0005   0185           00024         CLRF    PORTA
0006   1683           00025         BSF     STATUS,RP0
0007   1303           00026         BCF     STATUS,RP1
0008   3000           00027         MOVLW   00H                             ; CONFIGURA PUERTOS "A" Y "E" COMO DIGITALES
Message[302]: Register in operand not in bank 0.  Ensure that bank bits are correct.
0009   009F           00028         MOVWF   ADCON1
000A   303F           00029         MOVLW   3FH                             ; CONFIGURA EL PUERTO "A" COMO ENTRADA
Message[302]: Register in operand not in bank 0.  Ensure that bank bits are correct.
000B   0085           00030         MOVWF   TRISA
000C   3000           00031         movlw   h'00'
Message[302]: Register in operand not in bank 0.  Ensure that bank bits are correct.
000D   0086           00032         movwf   TRISB
000E   1283           00033         BCF     STATUS,RP0
000F                  00034 LOOP2
000F   30C1           00035         MOVLW   B'11000001'
0010   202F           00036         CALL    LEER
0011   00A3           00037         MOVWF   AN1
0012   30C9           00038         MOVLW   B'11001001'
0013   202F           00039         CALL    LEER
0014   00A4           00040         MOVWF   AN2
0015   30D1           00041         MOVLW   B'11010001'
0016   202F           00042         CALL    LEER
0017   00A2           00043         MOVWF   AN0
0018                  00044 TEST0
0018   0823           00045         MOVF    AN1,0
0019   0222           00046         SUBWF   AN0,0                   ; W = AN0 - AN1
MPASM  4.00 Released                          EJERCICIO 3.ASM   11-7-2017  13:55:56         PAGE  2


LOC  OBJECT CODE     LINE SOURCE TEXT
  VALUE

001A   1C03           00047         BTFSS   STATUS,C                ; SI HUBO CARRY, 'AN0' ES MAYOR
001B   2821           00048         GOTO    TEST1                   ; APAGADO: VAMOS A "TEST1"
001C   0824           00049         MOVF    AN2,W                   ; ENCENDIDO:    COMPARAMOS CON 'AN2'
001D   0222           00050         SUBWF   AN0,0                   ; W = AN0 - AN2
001E   1C03           00051         BTFSS   STATUS,C                ; SI HUBO CARRY, 'AN0' ES MAYOR
001F   2829           00052         GOTO    LED1
0020   282C           00053         GOTO    LED2                    ; NO HUBO CARRY 'AN2' ES MAYOR
0021                  00054 TEST1
0021   0824           00055         MOVF    AN2,0
0022   0223           00056         SUBWF   AN1,0                   ; W = AN1 - AN2
0023   1C03           00057         BTFSS   STATUS,C                ; SI HUBO CARRY, 'AN1' ES MAYOR
0024   2829           00058         GOTO    LED1                    ; APAGADO:
0025   2826           00059         GOTO    LED0                    ; ENCENDIDO:
                      00060 
0026                  00061 LED0
0026   3001           00062         MOVLW   B'1'                    ; BANDERA 'C' ABAJO: ENCENDEMOS 1 LED
0027   0086           00063         MOVWF   PORTB
0028   280F           00064         GOTO    LOOP2
                      00065         
0029                  00066 LED1
0029   3003           00067         MOVLW   B'11'                   ; BANDERA 'C' ABAJO: ENCENDEMOS 1 LED
002A   0086           00068         MOVWF   PORTB
002B   280F           00069         GOTO    LOOP2
                      00070 
002C                  00071 LED2
002C   3007           00072         MOVLW   B'111'                  ; BANDERA 'C' ABAJO: ENCENDEMOS 1 LED
002D   0086           00073         MOVWF   PORTB
002E   280F           00074         GOTO    LOOP2
                      00075 ;;;;;;;;;;;;;;;;;;;;;;SUBRUTINA PARA LEER LA ENTRADA;;;;;;;;;;;;;;;;;;;;;;
002F                  00076 LEER
002F   009F           00077         MOVWF   ADCON0
0030   151F           00078         BSF             ADCON0,2                        ; INICIA LA CONVERSION COLOCANDO '1' A LA BANDER
                            A GO/DONE
0031   2036           00079         CALL    retardo
0032                  00080 LOOP
0032   191F           00081         BTFSC   ADCON0,2
0033   2832           00082         GOTO    LOOP
0034   081E           00083         MOVF    ADRESH,W                ; OBTENEMOS EL RESULTADO
0035   0008           00084         RETURN
                      00085 ;;;;;;;;;;;;;;;;;;;;;;;;;;;SUBRUTINA DE RETARDO;;;;;;;;;;;;;;;;;;;;;;;;;;;
0036                  00086 retardo
0036   3006           00087         movlw cte1                              ; INICIAMOS EL PRIMER CONTADOR
0037   00A1           00088         movwf valor1
0038                  00089 tres
Message[305]: Using default destination of 1 (file).
0038   0BA1           00090         decfsz valor1                   ; DECREMENTAMOS EL 1ER CONTADOR
0039   2838           00091         goto tres                               ; MIENTRAS NO SEA CERO SEGUIMOS DECREMENTANDO
003A   0008           00092         return
                      00093 ;;;;;;;;;;;;;;;;;;;;;;;;;;TERMINA RUTINA RETARDO;;;;;;;;;;;;;;;;;;;;;;;;;;
                      00094         end
MPASM  4.00 Released                          EJERCICIO 3.ASM   11-7-2017  13:55:56         PAGE  3


SYMBOL TABLE
  LABEL                             VALUE 

ACKDT                             00000005
ACKEN                             00000004
ACKSTAT                           00000006
ADCON0                            0000001F
ADCON1                            0000009F
ADCS0                             00000006
ADCS1                             00000007
ADDEN                             00000003
ADFM                              00000007
ADIE                              00000006
ADIF                              00000006
ADON                              00000000
ADRESH                            0000001E
ADRESL                            0000009E
AN0                               00000022
AN1                               00000023
AN2                               00000024
BCLIE                             00000003
BCLIF                             00000003
BF                                00000000
BRGH                              00000002
C                                 00000000
CCP1CON                           00000017
CCP1IE                            00000002
CCP1IF                            00000002
CCP1M0                            00000000
CCP1M1                            00000001
CCP1M2                            00000002
CCP1M3                            00000003
CCP1X                             00000005
CCP1Y                             00000004
CCP2CON                           0000001D
CCP2IE                            00000000
CCP2IF                            00000000
CCP2M0                            00000000
CCP2M1                            00000001
CCP2M2                            00000002
CCP2M3                            00000003
CCP2X                             00000005
CCP2Y                             00000004
CCPR1H                            00000016
CCPR1L                            00000015
CCPR2H                            0000001C
CCPR2L                            0000001B
CHS0                              00000003
CHS1                              00000004
CHS2                              00000005
CKE                               00000006
CKP                               00000004
CREN                              00000004
CSRC                              00000007
D                                 00000005
DATA_ADDRESS                      00000005
MPASM  4.00 Released                          EJERCICIO 3.ASM   11-7-2017  13:55:56         PAGE  4


SYMBOL TABLE
  LABEL                             VALUE 

DC                                00000001
D_A                               00000005
EEADR                             0000010D
EEADRH                            0000010F
EECON1                            0000018C
EECON2                            0000018D
EEDATA                            0000010C
EEDATH                            0000010E
EEIE                              00000004
EEIF                              00000004
EEPGD                             00000007
F                                 00000001
FERR                              00000002
FSR                               00000004
GCEN                              00000007
GIE                               00000007
GO                                00000002
GO_DONE                           00000002
I2C_DATA                          00000005
I2C_READ                          00000002
I2C_START                         00000003
I2C_STOP                          00000004
IBF                               00000007
IBOV                              00000005
INDF                              00000000
INTCON                            0000000B
INTE                              00000004
INTEDG                            00000006
INTF                              00000001
IRP                               00000007
LED0                              00000026
LED1                              00000029
LED2                              0000002C
LEER                              0000002F
LOOP                              00000032
LOOP2                             0000000F
NOT_A                             00000005
NOT_ADDRESS                       00000005
NOT_BO                            00000000
NOT_BOR                           00000000
NOT_DONE                          00000002
NOT_PD                            00000003
NOT_POR                           00000001
NOT_RBPU                          00000007
NOT_RC8                           00000006
NOT_T1SYNC                        00000002
NOT_TO                            00000004
NOT_TX8                           00000006
NOT_W                             00000002
NOT_WRITE                         00000002
OBF                               00000006
OERR                              00000001
OPTION_REG                        00000081
MPASM  4.00 Released                          EJERCICIO 3.ASM   11-7-2017  13:55:56         PAGE  5


SYMBOL TABLE
  LABEL                             VALUE 

P                                 00000004
PCFG0                             00000000
PCFG1                             00000001
PCFG2                             00000002
PCFG3                             00000003
PCL                               00000002
PCLATH                            0000000A
PCON                              0000008E
PEIE                              00000006
PEN                               00000002
PIE1                              0000008C
PIE2                              0000008D
PIR1                              0000000C
PIR2                              0000000D
PORTA                             00000005
PORTB                             00000006
PORTC                             00000007
PORTD                             00000008
PORTE                             00000009
PR2                               00000092
PS0                               00000000
PS1                               00000001
PS2                               00000002
PSA                               00000003
PSPIE                             00000007
PSPIF                             00000007
PSPMODE                           00000004
R                                 00000002
RBIE                              00000003
RBIF                              00000000
RC8_9                             00000006
RC9                               00000006
RCD8                              00000000
RCEN                              00000003
RCIE                              00000005
RCIF                              00000005
RCREG                             0000001A
RCSTA                             00000018
RD                                00000000
READ_WRITE                        00000002
RP0                               00000005
RP1                               00000006
RSEN                              00000001
RX9                               00000006
RX9D                              00000000
R_W                               00000002
S                                 00000003
SEN                               00000000
SMP                               00000007
SPBRG                             00000099
SPEN                              00000007
SREN                              00000005
SSPADD                            00000093
MPASM  4.00 Released                          EJERCICIO 3.ASM   11-7-2017  13:55:56         PAGE  6


SYMBOL TABLE
  LABEL                             VALUE 

SSPBUF                            00000013
SSPCON                            00000014
SSPCON2                           00000091
SSPEN                             00000005
SSPIE                             00000003
SSPIF                             00000003
SSPM0                             00000000
SSPM1                             00000001
SSPM2                             00000002
SSPM3                             00000003
SSPOV                             00000006
SSPSTAT                           00000094
STATUS                            00000003
SYNC                              00000004
T0CS                              00000005
T0IE                              00000005
T0IF                              00000002
T0SE                              00000004
T1CKPS0                           00000004
T1CKPS1                           00000005
T1CON                             00000010
T1INSYNC                          00000002
T1OSCEN                           00000003
T1SYNC                            00000002
T2CKPS0                           00000000
T2CKPS1                           00000001
T2CON                             00000012
TEST0                             00000018
TEST1                             00000021
TMR0                              00000001
TMR1CS                            00000001
TMR1H                             0000000F
TMR1IE                            00000000
TMR1IF                            00000000
TMR1L                             0000000E
TMR1ON                            00000000
TMR2                              00000011
TMR2IE                            00000001
TMR2IF                            00000001
TMR2ON                            00000002
TOUTPS0                           00000003
TOUTPS1                           00000004
TOUTPS2                           00000005
TOUTPS3                           00000006
TRISA                             00000085
TRISB                             00000086
TRISC                             00000087
TRISD                             00000088
TRISE                             00000089
TRISE0                            00000000
TRISE1                            00000001
TRISE2                            00000002
TRMT                              00000001
MPASM  4.00 Released                          EJERCICIO 3.ASM   11-7-2017  13:55:56         PAGE  7


SYMBOL TABLE
  LABEL                             VALUE 

TX8_9                             00000006
TX9                               00000006
TX9D                              00000000
TXD8                              00000000
TXEN                              00000005
TXIE                              00000004
TXIF                              00000004
TXREG                             00000019
TXSTA                             00000098
UA                                00000001
W                                 00000000
WCOL                              00000007
WR                                00000001
WREN                              00000002
WRERR                             00000003
Z                                 00000002
_BODEN_OFF                        00003FBF
_BODEN_ON                         00003FFF
_CPD_OFF                          00003FFF
_CPD_ON                           00003EFF
_CP_ALL                           00000FCF
_CP_HALF                          00001FDF
_CP_OFF                           00003FFF
_CP_UPPER_256                     00002FEF
_DEBUG_OFF                        00003FFF
_DEBUG_ON                         000037FF
_HS_OSC                           00003FFE
_LP_OSC                           00003FFC
_LVP_OFF                          00003F7F
_LVP_ON                           00003FFF
_PWRTE_OFF                        00003FFF
_PWRTE_ON                         00003FF7
_RC_OSC                           00003FFF
_WDT_OFF                          00003FFB
_WDT_ON                           00003FFF
_WRT_ENABLE_OFF                   00003DFF
_WRT_ENABLE_ON                    00003FFF
_XT_OSC                           00003FFD
__16F877A                         00000001
cte1                              00000006
inicio                            00000005
retardo                           00000036
tres                              00000038
valor1                            00000021
MPASM  4.00 Released                          EJERCICIO 3.ASM   11-7-2017  13:55:56         PAGE  8


MEMORY USAGE MAP ('X' = Used,  '-' = Unused)


0000 : X----XXXXXXXXXXX XXXXXXXXXXXXXXXX XXXXXXXXXXXXXXXX XXXXXXXXXXX-----

All other memory blocks unused.

Program Memory Words Used:    55
Program Memory Words Free:  8137


Errors   :     0
Warnings :     0 reported,     0 suppressed
Messages :     5 reported,     0 suppressed

