Warning[205] D:\PRACTICA 2 TEORIA\PRACTICA_2.ASM 1 : Found directive in column 1. (processor)
Warning[205] D:\PRACTICA 2 TEORIA\PRACTICA_2.ASM 2 : Found directive in column 1. (include)
Message[301] C:\PROGRAM FILES (X86)\MICROCHIP\MPASM SUITE\P16F877.INC 37 : MESSAGE: (Processor-header file mismatch.  Verify selected processor.)
Warning[205] D:\PRACTICA 2 TEORIA\PRACTICA_2.ASM 4 : Found directive in column 1. (org)
Warning[203] D:\PRACTICA 2 TEORIA\PRACTICA_2.ASM 5 : Found opcode in column 1. (goto)
Warning[205] D:\PRACTICA 2 TEORIA\PRACTICA_2.ASM 6 : Found directive in column 1. (org)
Warning[207] D:\PRACTICA 2 TEORIA\PRACTICA_2.ASM 8 : Found label after column 1. (valor1)
Warning[207] D:\PRACTICA 2 TEORIA\PRACTICA_2.ASM 9 : Found label after column 1. (cte1)
Warning[207] D:\PRACTICA 2 TEORIA\PRACTICA_2.ASM 11 : Found label after column 1. (valor2)
Warning[207] D:\PRACTICA 2 TEORIA\PRACTICA_2.ASM 12 : Found label after column 1. (cte2)
Warning[207] D:\PRACTICA 2 TEORIA\PRACTICA_2.ASM 14 : Found label after column 1. (comp)
Warning[207] D:\PRACTICA 2 TEORIA\PRACTICA_2.ASM 15 : Found label after column 1. (clave)
Warning[207] D:\PRACTICA 2 TEORIA\PRACTICA_2.ASM 16 : Found label after column 1. (resu)
Warning[207] D:\PRACTICA 2 TEORIA\PRACTICA_2.ASM 17 : Found label after column 1. (Nibble)
Warning[207] D:\PRACTICA 2 TEORIA\PRACTICA_2.ASM 18 : Found label after column 1. (CON)
Message[302] D:\PRACTICA 2 TEORIA\PRACTICA_2.ASM 27 : Register in operand not in bank 0.  Ensure that bank bits are correct.
Message[302] D:\PRACTICA 2 TEORIA\PRACTICA_2.ASM 28 : Register in operand not in bank 0.  Ensure that bank bits are correct.
Message[302] D:\PRACTICA 2 TEORIA\PRACTICA_2.ASM 29 : Register in operand not in bank 0.  Ensure that bank bits are correct.
Message[305] D:\PRACTICA 2 TEORIA\PRACTICA_2.ASM 75 : Using default destination of 1 (file).
Message[305] D:\PRACTICA 2 TEORIA\PRACTICA_2.ASM 108 : Using default destination of 1 (file).
Message[305] D:\PRACTICA 2 TEORIA\PRACTICA_2.ASM 116 : Using default destination of 1 (file).
Warning[205] D:\PRACTICA 2 TEORIA\PRACTICA_2.ASM 143 : Found directive in column 1. (end)
