MPASM  5.35beta                    PRACTICA_2.ASM   10-4-2017  10:39:31         PAGE  1


LOC  OBJECT CODE     LINE SOURCE TEXT
  VALUE

Warning[205]: Found directive in column 1. (processor)
                      00001 processor 16f877
Warning[205]: Found directive in column 1. (include)
                      00002 include <p16f877.inc>
                      00001         LIST
                      00002 ; P16F877.INC  Standard Header File, Version 1.00    Microchip Technology, Inc.
Message[301]: MESSAGE: (Processor-header file mismatch.  Verify selected processor.)
                      00373         LIST
                      00003 
Warning[205]: Found directive in column 1. (org)
0000                  00004 org     0
Warning[203]: Found opcode in column 1. (goto)
0000   2805           00005 goto    inicio
Warning[205]: Found directive in column 1. (org)
0005                  00006 org     5
                      00007 
Warning[207]: Found label after column 1. (valor1)
  00000021            00008         valor1  equ h'21'
Warning[207]: Found label after column 1. (cte1)
  00000006            00009         cte1    equ h'06'               ; PRIMER CONTADOR
                      00010 
Warning[207]: Found label after column 1. (valor2)
  00000034            00011         valor2  equ h'34'               ; SEGUNDO CONTADOR
Warning[207]: Found label after column 1. (cte2)
  000000FF            00012         cte2    equ h'ff'
                      00013 
Warning[207]: Found label after column 1. (comp)
  00000022            00014         comp    equ H'22'
Warning[207]: Found label after column 1. (clave)
  00000023            00015         clave   equ H'23'               ; CLAVE DE EQUIPO "6E"
Warning[207]: Found label after column 1. (resu)
  00000024            00016         resu    equ H'24'
Warning[207]: Found label after column 1. (Nibble)
  00000026            00017         Nibble  equ     H'26'           ; AUX PARA SWAP
Warning[207]: Found label after column 1. (CON)
  00000025            00018         CON             equ H'25'
                      00019                 
0005                  00020 inicio: 
0005   0185           00021         clrf    PORTA
0006   0189           00022         clrf    PORTE
0007   1683           00023         bsf     STATUS,RP0              ; CAMBIAMOS AL BANCO 1
0008   1303           00024         bcf     STATUS,RP1
                      00025 
0009   3000           00026         movlw   H'00'                   ; PUERTOS "A" Y "B" COMO DIGITALES
Message[302]: Register in operand not in bank 0.  Ensure that bank bits are correct.
000A   009F           00027         movwf   ADCON1
Message[302]: Register in operand not in bank 0.  Ensure that bank bits are correct.
000B   0186           00028         clrf    TRISB
Message[302]: Register in operand not in bank 0.  Ensure that bank bits are correct.
000C   0188           00029         clrf    TRISD                   ; PUERTO "C" COMO SALIDA (CONTROL DE LOS DISPLAYS)
000D   1283           00030         bcf     STATUS,RP0              ; REGRESA AL BANCO 0
                      00031 
000E   01A4           00032         clrf    resu
MPASM  5.35beta                    PRACTICA_2.ASM   10-4-2017  10:39:31         PAGE  2


LOC  OBJECT CODE     LINE SOURCE TEXT
  VALUE

000F   30C1           00033         movlw   B'11000001'             ; CONFIGURA EL REGISTRO ADCON0
0010   009F           00034         movwf   ADCON0  
                      00035 
0011   306E           00036         movlw   H'6E'                   ; CLAVE DE EQUIPO
0012   00A3           00037         movwf   clave
                      00038 ;;;;;;;;;;;;;;;;;;;;;;;;;;;;CONVERTIDOR;;;;;;;;;;;;;;;;;;;;;;;;;;;
0013                  00039 LOOP2:  
0013   151F           00040         bsf             ADCON0,2                ; INICIA LA CONVERSION COLOCANDO '1' A LA BANDERA GO/DON
                            E
0014   2046           00041         call    retardo
                      00042 
0015                  00043 LOOP:   
0015   1D1F           00044         btfss   ADCON0,2
0016   2815           00045         goto    LOOP
0017   081E           00046         movf    ADRESH,W                ; OBTENEMOS EL RESULTADO
0018   0223           00047         subwf   clave,W
0019   1803           00048         btfsc   STATUS,C
001A   281C           00049         goto    Continua
001B   2837           00050         goto    Limite
                      00051 
001C                  00052 Continua:
001C   081E           00053         movf    ADRESH,W
001D   00A4           00054         movwf   resu
001E   281F           00055         goto    Disp1   
                      00056 ;;;;;;;;;;;;;;;;;;;;;;;;;;;;DISPLAY 1;;;;;;;;;;;;;;;;;;;;;;;;;;;;
001F                  00057 Disp1:
001F   0188           00058         CLRF    PORTD
0020   1408           00059         BSF             PORTD,0                 ; ACTIVA DISPLAY 1
0021   0824           00060         MOVF    resu,W
0022   390F           00061         andlw   H'0F'                   ; ENMASCARADO DE NIBLE BAJO PARA EVITAR DESBORDAMIENTOS
0023   2050           00062         call    Tabla
0024   00A2           00063         MOVWF   comp
0025   0922           00064         comf    comp,W
0026   0086           00065         MOVWF   PORTB
0027   204B           00066         CALL    retardo2
0028   1008           00067         BCF             PORTD,0                 ; DESACTIVA DISPLAY 1
                      00068 ;;;;;;;;;;;;;;;;;;;;;;;;;;;;DISPLAY 2;;;;;;;;;;;;;;;;;;;;;;;;;;;;
0029                  00069 Disp2:
0029   0188           00070         CLRF    PORTD   
002A   1488           00071         BSF             PORTD,1                 ; ACTIVA DISPLAY 2
002B   0824           00072         MOVF    resu,W
002C   39F0           00073         andlw   H'F0'                   ; ENMASCARADO DE NIBLE ALTO PARA EVITAR DESBORDAMIENTOS
002D   00A6           00074         MOVWF   Nibble
Message[305]: Using default destination of 1 (file).
002E   0EA6           00075         SWAPF   Nibble
002F   0826           00076         MOVF    Nibble,W
0030   2050           00077         call    Tabla
0031   00A2           00078         MOVWF   comp
0032   0922           00079         comf    comp,W
0033   0086           00080         MOVWF   PORTB
0034   204B           00081         CALL    retardo2
0035   0188           00082         CLRF    PORTD                   ; DESACTIVA DISPLAY 2
0036   2813           00083         GOTO    LOOP2
MPASM  5.35beta                    PRACTICA_2.ASM   10-4-2017  10:39:31         PAGE  3


LOC  OBJECT CODE     LINE SOURCE TEXT
  VALUE

                      00084 
0037                  00085 Limite:
                      00086 ;;;;;;;;;;;;;;;;;;;;;;;;;;;;DISPLAY 1;;;;;;;;;;;;;;;;;;;;;;;;;;;;
0037   0188           00087         CLRF    PORTD
0038   1408           00088         BSF             PORTD,0                 ; ACTIVA DISPLAY 1
0039   3086           00089         movlw   B'10000110'             ; E
003A   00A2           00090         MOVWF   comp
003B   0922           00091         comf    comp,W
003C   0086           00092         MOVWF   PORTB
003D   204B           00093         call    retardo2        
                      00094 ;;;;;;;;;;;;;;;;;;;;;;;;;;;;DISPLAY 2;;;;;;;;;;;;;;;;;;;;;;;;;;;;
003E   0188           00095         CLRF    PORTD
003F   1488           00096         BSF             PORTD,1                 ; ACTIVA DISPLAY 1
0040   3082           00097         movlw   B'10000010'             ; 6
0041   00A2           00098         MOVWF   comp
0042   0922           00099         comf    comp,W
0043   0086           00100         MOVWF   PORTB
0044   204B           00101         call    retardo2
0045   2813           00102         goto    LOOP2
                      00103 ;;;;;;;;;;;;;;;;;;;;;;;;;;;;RETARDO 1;;;;;;;;;;;;;;;;;;;;;;;;;;;;
0046                  00104 retardo
0046   3006           00105         movlw cte1
0047   00A1           00106         movwf valor1
0048                  00107 tres
Message[305]: Using default destination of 1 (file).
0048   0BA1           00108         decfsz valor1
0049   2848           00109         goto tres
004A   0008           00110         return
                      00111 ;;;;;;;;;;;;;;;;;;;;;;;;;;;;RETARDO 2;;;;;;;;;;;;;;;;;;;;;;;;;;;;
004B                  00112 retardo2 
004B   30FF           00113         movlw cte2
004C   00B4           00114         movwf valor2
004D                  00115 tres2
Message[305]: Using default destination of 1 (file).
004D   0BB4           00116         decfsz valor2
004E   284D           00117         goto tres2
004F   0008           00118         return
                      00119 ;;;;;;;;;;;;;;;;;;;;;;;;;;;;;TABLA;;;;;;;;;;;;;;;;;;;;;;;;;;;;;
0050                  00120 Tabla:
0050   0782           00121         addwf   PCL,1
                      00122                         ; hgfedcba
0051   34C0           00123         retlw   B'11000000'             ;H'00'
0052   34F9           00124         retlw   B'11111001'             ;H'01'
0053   34A4           00125         retlw   B'10100100'             ;H'02'
0054   34B0           00126         retlw   B'10110000'             ;H'03'
0055   3499           00127         retlw   B'10011001'             ;H'04'
0056   3492           00128         retlw   B'10010010'             ;H'05'
0057   3482           00129         retlw   B'10000010'             ;H'06'
0058   34F8           00130         retlw   B'11111000'             ;H'07'
0059   3480           00131         retlw   B'10000000'             ;H'08'
005A   3490           00132         retlw   B'10010000'             ;H'09'
005B   3488           00133         retlw   B'10001000'             ;H'0A'
005C   3483           00134         retlw   B'10000011'             ;H'0B'
MPASM  5.35beta                    PRACTICA_2.ASM   10-4-2017  10:39:31         PAGE  4


LOC  OBJECT CODE     LINE SOURCE TEXT
  VALUE

005D   34C6           00135         retlw   B'11000110'             ;H'0C'
005E   34A1           00136         retlw   B'10100001'             ;H'0D'
005F   3486           00137         retlw   B'10000110'             ;H'0E'
0060   348E           00138         retlw   B'10001110'             ;H'0F'
                      00139 
0061   0008           00140         return
                      00141 
                      00142 
Warning[205]: Found directive in column 1. (end)
                      00143 end
MPASM  5.35beta                    PRACTICA_2.ASM   10-4-2017  10:39:31         PAGE  5


SYMBOL TABLE
  LABEL                             VALUE 

ACKDT                             00000005
ACKEN                             00000004
ACKSTAT                           00000006
ADCON0                            0000001F
ADCON1                            0000009F
ADCS0                             00000006
ADCS1                             00000007
ADDEN                             00000003
ADFM                              00000007
ADIE                              00000006
ADIF                              00000006
ADON                              00000000
ADRESH                            0000001E
ADRESL                            0000009E
BCLIE                             00000003
BCLIF                             00000003
BF                                00000000
BRGH                              00000002
C                                 00000000
CCP1CON                           00000017
CCP1IE                            00000002
CCP1IF                            00000002
CCP1M0                            00000000
CCP1M1                            00000001
CCP1M2                            00000002
CCP1M3                            00000003
CCP1X                             00000005
CCP1Y                             00000004
CCP2CON                           0000001D
CCP2IE                            00000000
CCP2IF                            00000000
CCP2M0                            00000000
CCP2M1                            00000001
CCP2M2                            00000002
CCP2M3                            00000003
CCP2X                             00000005
CCP2Y                             00000004
CCPR1H                            00000016
CCPR1L                            00000015
CCPR2H                            0000001C
CCPR2L                            0000001B
CHS0                              00000003
CHS1                              00000004
CHS2                              00000005
CKE                               00000006
CKP                               00000004
CON                               00000025
CREN                              00000004
CSRC                              00000007
Continua                          0000001C
D                                 00000005
DATA_ADDRESS                      00000005
DC                                00000001
MPASM  5.35beta                    PRACTICA_2.ASM   10-4-2017  10:39:31         PAGE  6


SYMBOL TABLE
  LABEL                             VALUE 

D_A                               00000005
Disp1                             0000001F
Disp2                             00000029
EEADR                             0000010D
EEADRH                            0000010F
EECON1                            0000018C
EECON2                            0000018D
EEDATA                            0000010C
EEDATH                            0000010E
EEIE                              00000004
EEIF                              00000004
EEPGD                             00000007
F                                 00000001
FERR                              00000002
FSR                               00000004
GCEN                              00000007
GIE                               00000007
GO                                00000002
GO_DONE                           00000002
I2C_DATA                          00000005
I2C_READ                          00000002
I2C_START                         00000003
I2C_STOP                          00000004
IBF                               00000007
IBOV                              00000005
INDF                              00000000
INTCON                            0000000B
INTE                              00000004
INTEDG                            00000006
INTF                              00000001
IRP                               00000007
LOOP                              00000015
LOOP2                             00000013
Limite                            00000037
NOT_A                             00000005
NOT_ADDRESS                       00000005
NOT_BO                            00000000
NOT_BOR                           00000000
NOT_DONE                          00000002
NOT_PD                            00000003
NOT_POR                           00000001
NOT_RBPU                          00000007
NOT_RC8                           00000006
NOT_T1SYNC                        00000002
NOT_TO                            00000004
NOT_TX8                           00000006
NOT_W                             00000002
NOT_WRITE                         00000002
Nibble                            00000026
OBF                               00000006
OERR                              00000001
OPTION_REG                        00000081
P                                 00000004
MPASM  5.35beta                    PRACTICA_2.ASM   10-4-2017  10:39:31         PAGE  7


SYMBOL TABLE
  LABEL                             VALUE 

PCFG0                             00000000
PCFG1                             00000001
PCFG2                             00000002
PCFG3                             00000003
PCL                               00000002
PCLATH                            0000000A
PCON                              0000008E
PEIE                              00000006
PEN                               00000002
PIE1                              0000008C
PIE2                              0000008D
PIR1                              0000000C
PIR2                              0000000D
PORTA                             00000005
PORTB                             00000006
PORTC                             00000007
PORTD                             00000008
PORTE                             00000009
PR2                               00000092
PS0                               00000000
PS1                               00000001
PS2                               00000002
PSA                               00000003
PSPIE                             00000007
PSPIF                             00000007
PSPMODE                           00000004
R                                 00000002
RBIE                              00000003
RBIF                              00000000
RC8_9                             00000006
RC9                               00000006
RCD8                              00000000
RCEN                              00000003
RCIE                              00000005
RCIF                              00000005
RCREG                             0000001A
RCSTA                             00000018
RD                                00000000
READ_WRITE                        00000002
RP0                               00000005
RP1                               00000006
RSEN                              00000001
RX9                               00000006
RX9D                              00000000
R_W                               00000002
S                                 00000003
SEN                               00000000
SMP                               00000007
SPBRG                             00000099
SPEN                              00000007
SREN                              00000005
SSPADD                            00000093
SSPBUF                            00000013
MPASM  5.35beta                    PRACTICA_2.ASM   10-4-2017  10:39:31         PAGE  8


SYMBOL TABLE
  LABEL                             VALUE 

SSPCON                            00000014
SSPCON2                           00000091
SSPEN                             00000005
SSPIE                             00000003
SSPIF                             00000003
SSPM0                             00000000
SSPM1                             00000001
SSPM2                             00000002
SSPM3                             00000003
SSPOV                             00000006
SSPSTAT                           00000094
STATUS                            00000003
SYNC                              00000004
T0CS                              00000005
T0IE                              00000005
T0IF                              00000002
T0SE                              00000004
T1CKPS0                           00000004
T1CKPS1                           00000005
T1CON                             00000010
T1INSYNC                          00000002
T1OSCEN                           00000003
T1SYNC                            00000002
T2CKPS0                           00000000
T2CKPS1                           00000001
T2CON                             00000012
TMR0                              00000001
TMR1CS                            00000001
TMR1H                             0000000F
TMR1IE                            00000000
TMR1IF                            00000000
TMR1L                             0000000E
TMR1ON                            00000000
TMR2                              00000011
TMR2IE                            00000001
TMR2IF                            00000001
TMR2ON                            00000002
TOUTPS0                           00000003
TOUTPS1                           00000004
TOUTPS2                           00000005
TOUTPS3                           00000006
TRISA                             00000085
TRISB                             00000086
TRISC                             00000087
TRISD                             00000088
TRISE                             00000089
TRISE0                            00000000
TRISE1                            00000001
TRISE2                            00000002
TRMT                              00000001
TX8_9                             00000006
TX9                               00000006
TX9D                              00000000
MPASM  5.35beta                    PRACTICA_2.ASM   10-4-2017  10:39:31         PAGE  9


SYMBOL TABLE
  LABEL                             VALUE 

TXD8                              00000000
TXEN                              00000005
TXIE                              00000004
TXIF                              00000004
TXREG                             00000019
TXSTA                             00000098
Tabla                             00000050
UA                                00000001
W                                 00000000
WCOL                              00000007
WR                                00000001
WREN                              00000002
WRERR                             00000003
Z                                 00000002
_BODEN_OFF                        00003FBF
_BODEN_ON                         00003FFF
_CPD_OFF                          00003FFF
_CPD_ON                           00003EFF
_CP_ALL                           00000FCF
_CP_HALF                          00001FDF
_CP_OFF                           00003FFF
_CP_UPPER_256                     00002FEF
_DEBUG_OFF                        00003FFF
_DEBUG_ON                         000037FF
_HS_OSC                           00003FFE
_LP_OSC                           00003FFC
_LVP_OFF                          00003F7F
_LVP_ON                           00003FFF
_PWRTE_OFF                        00003FFF
_PWRTE_ON                         00003FF7
_RC_OSC                           00003FFF
_WDT_OFF                          00003FFB
_WDT_ON                           00003FFF
_WRT_ENABLE_OFF                   00003DFF
_WRT_ENABLE_ON                    00003FFF
_XT_OSC                           00003FFD
__16F877A                         00000001
clave                             00000023
comp                              00000022
cte1                              00000006
cte2                              000000FF
inicio                            00000005
resu                              00000024
retardo                           00000046
retardo2                          0000004B
tres                              00000048
tres2                             0000004D
valor1                            00000021
valor2                            00000034
MPASM  5.35beta                    PRACTICA_2.ASM   10-4-2017  10:39:31         PAGE 10


MEMORY USAGE MAP ('X' = Used,  '-' = Unused)


0000 : X----XXXXXXXXXXX XXXXXXXXXXXXXXXX XXXXXXXXXXXXXXXX XXXXXXXXXXXXXXXX
0040 : XXXXXXXXXXXXXXXX XXXXXXXXXXXXXXXX XX-------------- ----------------

All other memory blocks unused.

Program Memory Words Used:    94
Program Memory Words Free:  8098


Errors   :     0
Warnings :    15 reported,     0 suppressed
Messages :     7 reported,     0 suppressed

