
ROM used: 490 (6%)
          2048 (25%) including unused fragments

          1 Average locations per line
          7 Average locations per statement

RAM used: 9 (5%) at main() level
          10 (6%) worst case

Lines Stmts  %   Files
----- ----- ---  -----
   90    72 100  D:\Microcomputadoras\Practica 8\Ejercicio 2.C
  259     0   0  C:\Program Files (x86)\PICC\devices\16f877.h
----- -----
  698   144 Total

Page ROM  %  RAM  Functions:
---- --- --- ---  ----------
0     19   4   1  @delay_ms1
3      1   0   0  loader16F877
0    282  58   1  main
0     32   7   0  @const10048
0     34   7   0  @const10057
0     33   7   0  @const10066
0     35   7   0  @const10083
0     34   7   0  @const10100
0     16   3   0  @const10131

 Segment   Used  Free
---------  ----  ----
00000-00003     4  0
00004-007FF   485  1559
00800-00FFF     0  2048
01000-017FF     0  2048
01800-01EFF     0  1792
01F00-01FFF     1  255

