MPASM  5.35beta                   EJERCICIO 2.ASM   10-28-2017  18:26:58         PAGE  1


LOC  OBJECT CODE     LINE SOURCE TEXT
  VALUE

                      00001         processor 16f877
                      00002         include <p16f877.inc>
                      00001         LIST
                      00002 ; P16F877.INC  Standard Header File, Version 1.00    Microchip Technology, Inc.
Message[301]: MESSAGE: (Processor-header file mismatch.  Verify selected processor.)
                      00373         LIST
                      00003 
  00000021            00004 valor1 equ h'21'
  00000022            00005 valor2 equ h'22'
  00000023            00006 valor3 equ h'23'
  00000020            00007 cte1 equ 20h    ;PRIMER CONTADOR
  00000050            00008 cte2 equ 50h    ;SEGUNDO CONTADOR
  00000060            00009 cte3 equ 60h    ;TERCER CONTADOR
                      00010 
0000                  00011         org 0
0000   2805           00012         goto INICIO
0005                  00013         org 5
                      00014 
0005                  00015 INICIO:
0005   0185           00016         clrf    PORTA           
0006   1683           00017         bsf     STATUS,RP0      ; CAMBIAMOS AL BANCO 1
0007   1303           00018         bcf     STATUS,RP1
0008   0186           00019         clrf    PORTB
                      00020 
0009   3006           00021         movlw   H'06'
Message[302]: Register in operand not in bank 0.  Ensure that bank bits are correct.
000A   009F           00022         movwf   ADCON1  ; PUERTO A CONFIGURADO COMO ENTRADA
000B   303F           00023         movlw   H'3F'           
Message[302]: Register in operand not in bank 0.  Ensure that bank bits are correct.
000C   0085           00024         movwf   TRISA
000D   1283           00025         bcf     STATUS,RP0      ; CAMBIAMOS AL BANCO 0
                      00026 
000E                  00027 select
000E   1885           00028         btfsc   PORTA,1
000F   2811           00029         goto    select1
0010   2814           00030         goto    select2
                      00031 
0011                  00032 select1 
0011   1805           00033         btfsc   PORTA,0
0012   282A           00034         goto    CORR_I
0013   2823           00035         goto    CORR_D
                      00036 
0014                  00037 select2 
0014   1905           00038         btfsc   PORTA,2
0015   2817           00039         goto    select3
0016   281A           00040         goto    select4
                      00041 
0017                  00042 select3 
0017   1805           00043         btfsc   PORTA,0
0018   283D           00044         goto    FLASH
0019   2831           00045         goto    CORR_A
                      00046 
001A                  00047 select4 
MPASM  5.35beta                   EJERCICIO 2.ASM   10-28-2017  18:26:58         PAGE  2


LOC  OBJECT CODE     LINE SOURCE TEXT
  VALUE

001A   1805           00048         btfsc   PORTA,0
001B   2820           00049         goto    ENC
001C   281D           00050         goto    CICLO
                      00051 
001D                  00052 CICLO:
001D   3000           00053         movlw   h'00'
001E   0086           00054         movwf   PORTB
001F   280E           00055         goto    select
                      00056 
0020                  00057 ENC:
0020   30FF           00058         movlw   h'ff'
0021   0086           00059         movwf   PORTB
0022   280E           00060         goto    select
                      00061 
0023                  00062 CORR_D:
0023   3080           00063         movlw   h'80'
0024   0086           00064         movwf   PORTB
0025                  00065 LOOP0:
0025   0C86           00066         rrf     PORTB,1
0026   2044           00067         call    retardo
Warning[202]: Argument out of range.  Least significant bits used.
0027   1F86           00068         btfss   PORTB,-1
0028   2825           00069         goto    LOOP0
0029   280E           00070         goto    select
                      00071 
002A                  00072 CORR_I:
002A   3001           00073         movlw   h'01'
002B   0086           00074         movwf   PORTB
002C                  00075 LOOP1:
002C   0D86           00076         rlf     PORTB,1
002D   2044           00077         call    retardo
Warning[202]: Argument out of range.  Least significant bits used.
002E   1C06           00078         btfss   PORTB,8
002F   282C           00079         goto    LOOP1
0030   280E           00080         goto    select
                      00081 
0031                  00082 CORR_A:
0031   3080           00083         movlw   h'80'
0032   0086           00084         movwf   PORTB
0033                  00085 LOOP2:
0033   0C86           00086         rrf     PORTB,1
0034   2044           00087         call    retardo
Warning[202]: Argument out of range.  Least significant bits used.
0035   1F86           00088         btfss   PORTB,-1
0036   2833           00089         goto    LOOP2
0037   2838           00090         goto    LOOP3
0038                  00091 LOOP3:
0038   0D86           00092         rlf     PORTB,1
0039   2044           00093         call    retardo
Warning[202]: Argument out of range.  Least significant bits used.
003A   1C06           00094         btfss   PORTB,8
003B   2838           00095         goto    LOOP3
003C   280E           00096         goto    select  
MPASM  5.35beta                   EJERCICIO 2.ASM   10-28-2017  18:26:58         PAGE  3


LOC  OBJECT CODE     LINE SOURCE TEXT
  VALUE

                      00097 
003D                  00098 FLASH:  
003D   30FF           00099         movlw   h'ff'
003E   0086           00100         movwf   PORTB
003F   2044           00101         call    retardo
0040   3000           00102         movlw   h'00'
0041   0086           00103         movwf   PORTB
0042   2044           00104         call    retardo
0043   280E           00105         goto    select
                      00106 
0044                  00107 retardo 
0044   3020           00108         movlw cte1              ;INICIAMOS EL PRIMER CONTADOR
0045   00A1           00109         movwf valor1
0046                  00110 tres
0046   3050           00111         movlw cte2              ;INICIAMOS EK SEGUNDO CONTADOR
0047   00A2           00112         movwf valor2
0048                  00113 dos
0048   3060           00114         movlw cte3              ;INICIAMOS TERCER CONTADOR
0049   00A3           00115         movwf valor3
004A                  00116 uno
Message[305]: Using default destination of 1 (file).
004A   0BA3           00117         decfsz valor3   ;DECREMENTAMOS EL 3ER CONTADOR
004B   284A           00118         goto uno                ;MIENTRAS NO SEA CERO SEGUIMOS DECREMENTANDO
Message[305]: Using default destination of 1 (file).
004C   0BA2           00119         decfsz valor2   ;DECREMENTAMOS EL 2DO CONTADOR
004D   2848           00120         goto dos                ;MIENTRAS NO SEA CERO SEGUIMOS DECREMENTANDO
Message[305]: Using default destination of 1 (file).
004E   0BA1           00121         decfsz valor1   ;DECREMENTAMOS EL 1ER CONTADOR
004F   2846           00122         goto tres               ;MIENTRAS NO SEA CERO SEGUIMOS DECREMENTANDO
0050   0008           00123         return
                      00124         end
MPASM  5.35beta                   EJERCICIO 2.ASM   10-28-2017  18:26:58         PAGE  4


SYMBOL TABLE
  LABEL                             VALUE 

ACKDT                             00000005
ACKEN                             00000004
ACKSTAT                           00000006
ADCON0                            0000001F
ADCON1                            0000009F
ADCS0                             00000006
ADCS1                             00000007
ADDEN                             00000003
ADFM                              00000007
ADIE                              00000006
ADIF                              00000006
ADON                              00000000
ADRESH                            0000001E
ADRESL                            0000009E
BCLIE                             00000003
BCLIF                             00000003
BF                                00000000
BRGH                              00000002
C                                 00000000
CCP1CON                           00000017
CCP1IE                            00000002
CCP1IF                            00000002
CCP1M0                            00000000
CCP1M1                            00000001
CCP1M2                            00000002
CCP1M3                            00000003
CCP1X                             00000005
CCP1Y                             00000004
CCP2CON                           0000001D
CCP2IE                            00000000
CCP2IF                            00000000
CCP2M0                            00000000
CCP2M1                            00000001
CCP2M2                            00000002
CCP2M3                            00000003
CCP2X                             00000005
CCP2Y                             00000004
CCPR1H                            00000016
CCPR1L                            00000015
CCPR2H                            0000001C
CCPR2L                            0000001B
CHS0                              00000003
CHS1                              00000004
CHS2                              00000005
CICLO                             0000001D
CKE                               00000006
CKP                               00000004
CORR_A                            00000031
CORR_D                            00000023
CORR_I                            0000002A
CREN                              00000004
CSRC                              00000007
D                                 00000005
MPASM  5.35beta                   EJERCICIO 2.ASM   10-28-2017  18:26:58         PAGE  5


SYMBOL TABLE
  LABEL                             VALUE 

DATA_ADDRESS                      00000005
DC                                00000001
D_A                               00000005
EEADR                             0000010D
EEADRH                            0000010F
EECON1                            0000018C
EECON2                            0000018D
EEDATA                            0000010C
EEDATH                            0000010E
EEIE                              00000004
EEIF                              00000004
EEPGD                             00000007
ENC                               00000020
F                                 00000001
FERR                              00000002
FLASH                             0000003D
FSR                               00000004
GCEN                              00000007
GIE                               00000007
GO                                00000002
GO_DONE                           00000002
I2C_DATA                          00000005
I2C_READ                          00000002
I2C_START                         00000003
I2C_STOP                          00000004
IBF                               00000007
IBOV                              00000005
INDF                              00000000
INICIO                            00000005
INTCON                            0000000B
INTE                              00000004
INTEDG                            00000006
INTF                              00000001
IRP                               00000007
LOOP0                             00000025
LOOP1                             0000002C
LOOP2                             00000033
LOOP3                             00000038
NOT_A                             00000005
NOT_ADDRESS                       00000005
NOT_BO                            00000000
NOT_BOR                           00000000
NOT_DONE                          00000002
NOT_PD                            00000003
NOT_POR                           00000001
NOT_RBPU                          00000007
NOT_RC8                           00000006
NOT_T1SYNC                        00000002
NOT_TO                            00000004
NOT_TX8                           00000006
NOT_W                             00000002
NOT_WRITE                         00000002
OBF                               00000006
MPASM  5.35beta                   EJERCICIO 2.ASM   10-28-2017  18:26:58         PAGE  6


SYMBOL TABLE
  LABEL                             VALUE 

OERR                              00000001
OPTION_REG                        00000081
P                                 00000004
PCFG0                             00000000
PCFG1                             00000001
PCFG2                             00000002
PCFG3                             00000003
PCL                               00000002
PCLATH                            0000000A
PCON                              0000008E
PEIE                              00000006
PEN                               00000002
PIE1                              0000008C
PIE2                              0000008D
PIR1                              0000000C
PIR2                              0000000D
PORTA                             00000005
PORTB                             00000006
PORTC                             00000007
PORTD                             00000008
PORTE                             00000009
PR2                               00000092
PS0                               00000000
PS1                               00000001
PS2                               00000002
PSA                               00000003
PSPIE                             00000007
PSPIF                             00000007
PSPMODE                           00000004
R                                 00000002
RBIE                              00000003
RBIF                              00000000
RC8_9                             00000006
RC9                               00000006
RCD8                              00000000
RCEN                              00000003
RCIE                              00000005
RCIF                              00000005
RCREG                             0000001A
RCSTA                             00000018
RD                                00000000
READ_WRITE                        00000002
RP0                               00000005
RP1                               00000006
RSEN                              00000001
RX9                               00000006
RX9D                              00000000
R_W                               00000002
S                                 00000003
SEN                               00000000
SMP                               00000007
SPBRG                             00000099
SPEN                              00000007
MPASM  5.35beta                   EJERCICIO 2.ASM   10-28-2017  18:26:58         PAGE  7


SYMBOL TABLE
  LABEL                             VALUE 

SREN                              00000005
SSPADD                            00000093
SSPBUF                            00000013
SSPCON                            00000014
SSPCON2                           00000091
SSPEN                             00000005
SSPIE                             00000003
SSPIF                             00000003
SSPM0                             00000000
SSPM1                             00000001
SSPM2                             00000002
SSPM3                             00000003
SSPOV                             00000006
SSPSTAT                           00000094
STATUS                            00000003
SYNC                              00000004
T0CS                              00000005
T0IE                              00000005
T0IF                              00000002
T0SE                              00000004
T1CKPS0                           00000004
T1CKPS1                           00000005
T1CON                             00000010
T1INSYNC                          00000002
T1OSCEN                           00000003
T1SYNC                            00000002
T2CKPS0                           00000000
T2CKPS1                           00000001
T2CON                             00000012
TMR0                              00000001
TMR1CS                            00000001
TMR1H                             0000000F
TMR1IE                            00000000
TMR1IF                            00000000
TMR1L                             0000000E
TMR1ON                            00000000
TMR2                              00000011
TMR2IE                            00000001
TMR2IF                            00000001
TMR2ON                            00000002
TOUTPS0                           00000003
TOUTPS1                           00000004
TOUTPS2                           00000005
TOUTPS3                           00000006
TRISA                             00000085
TRISB                             00000086
TRISC                             00000087
TRISD                             00000088
TRISE                             00000089
TRISE0                            00000000
TRISE1                            00000001
TRISE2                            00000002
TRMT                              00000001
MPASM  5.35beta                   EJERCICIO 2.ASM   10-28-2017  18:26:58         PAGE  8


SYMBOL TABLE
  LABEL                             VALUE 

TX8_9                             00000006
TX9                               00000006
TX9D                              00000000
TXD8                              00000000
TXEN                              00000005
TXIE                              00000004
TXIF                              00000004
TXREG                             00000019
TXSTA                             00000098
UA                                00000001
W                                 00000000
WCOL                              00000007
WR                                00000001
WREN                              00000002
WRERR                             00000003
Z                                 00000002
_BODEN_OFF                        00003FBF
_BODEN_ON                         00003FFF
_CPD_OFF                          00003FFF
_CPD_ON                           00003EFF
_CP_ALL                           00000FCF
_CP_HALF                          00001FDF
_CP_OFF                           00003FFF
_CP_UPPER_256                     00002FEF
_DEBUG_OFF                        00003FFF
_DEBUG_ON                         000037FF
_HS_OSC                           00003FFE
_LP_OSC                           00003FFC
_LVP_OFF                          00003F7F
_LVP_ON                           00003FFF
_PWRTE_OFF                        00003FFF
_PWRTE_ON                         00003FF7
_RC_OSC                           00003FFF
_WDT_OFF                          00003FFB
_WDT_ON                           00003FFF
_WRT_ENABLE_OFF                   00003DFF
_WRT_ENABLE_ON                    00003FFF
_XT_OSC                           00003FFD
__16F877A                         00000001
cte1                              00000020
cte2                              00000050
cte3                              00000060
dos                               00000048
retardo                           00000044
select                            0000000E
select1                           00000011
select2                           00000014
select3                           00000017
select4                           0000001A
tres                              00000046
uno                               0000004A
valor1                            00000021
valor2                            00000022
MPASM  5.35beta                   EJERCICIO 2.ASM   10-28-2017  18:26:58         PAGE  9


SYMBOL TABLE
  LABEL                             VALUE 

valor3                            00000023


MEMORY USAGE MAP ('X' = Used,  '-' = Unused)

0000 : X----XXXXXXXXXXX XXXXXXXXXXXXXXXX XXXXXXXXXXXXXXXX XXXXXXXXXXXXXXXX
0040 : XXXXXXXXXXXXXXXX X--------------- ---------------- ----------------

All other memory blocks unused.

Program Memory Words Used:    77
Program Memory Words Free:  8115


Errors   :     0
Warnings :     4 reported,     0 suppressed
Messages :     6 reported,     0 suppressed

